

Microchip MPLAB XC8 Assembler V2.31 build 20201012212115 
                                                                                               Sun Aug 29 19:21:33 2021

Microchip MPLAB XC8 C Compiler v2.31 (Free license) build 20201012212115 Og1 
     1                           	processor	16F887
     2                           	pagewidth 120
     3                           	opt	flic
     4                           	psect	cinit,global,class=CODE,merge=1,delta=2
     5                           	psect	bssCOMMON,global,class=COMMON,space=1,delta=1,noexec
     6                           	psect	cstackCOMMON,global,class=COMMON,space=1,delta=1,noexec
     7                           	psect	cstackBANK0,global,class=BANK0,space=1,delta=1,noexec
     8                           	psect	maintext,global,class=CODE,split=1,delta=2
     9                           	psect	text1,local,class=CODE,merge=1,delta=2
    10                           	psect	text2,local,class=CODE,merge=1,delta=2
    11                           	psect	text3,local,class=CODE,merge=1,delta=2
    12                           	psect	text4,local,class=CODE,merge=1,delta=2
    13                           	psect	intentry,global,class=CODE,delta=2
    14                           	psect	text5,local,class=CODE,merge=1,delta=2
    15                           	psect	text6,local,class=CODE,merge=1,delta=2
    16                           	psect	config,global,abs,ovrld,class=CONFIG,space=4,delta=2,noexec
    17                           	dabs	1,0x7E,2
    18  0000                     
    19                           ; Version 2.20
    20                           ; Generated 12/02/2020 GMT
    21                           ; 
    22                           ; Copyright © 2020, Microchip Technology Inc. and its subsidiaries ("Microchip")
    23                           ; All rights reserved.
    24                           ; 
    25                           ; This software is developed by Microchip Technology Inc. and its subsidiaries ("Microch
      +                          ip").
    26                           ; 
    27                           ; Redistribution and use in source and binary forms, with or without modification, are
    28                           ; permitted provided that the following conditions are met:
    29                           ; 
    30                           ;     1. Redistributions of source code must retain the above copyright notice, this lis
      +                          t of
    31                           ;        conditions and the following disclaimer.
    32                           ; 
    33                           ;     2. Redistributions in binary form must reproduce the above copyright notice, this 
      +                          list
    34                           ;        of conditions and the following disclaimer in the documentation and/or other
    35                           ;        materials provided with the distribution.
    36                           ; 
    37                           ;     3. Microchip's name may not be used to endorse or promote products derived from th
      +                          is
    38                           ;        software without specific prior written permission.
    39                           ; 
    40                           ; THIS SOFTWARE IS PROVIDED BY MICROCHIP "AS IS" AND ANY EXPRESS OR IMPLIED WARRANTIES,
    41                           ; INCLUDING, BUT NOT LIMITED TO, THE IMPLIED WARRANTIES OF MERCHANTABILITY AND FITNESS F
      +                          OR
    42                           ; PURPOSE ARE DISCLAIMED.  IN NO EVENT SHALL MICROCHIP BE LIABLE FOR ANY DIRECT, INDIREC
      +                          T,
    43                           ; INCIDENTAL, SPECIAL, EXEMPLARY, OR CONSEQUENTIAL DAMAGES (INCLUDING BUT NOT LIMITED TO
    44                           ; PROCUREMENT OF SUBSTITUTE GOODS OR SERVICES; LOSS OF USE, DATA OR PROFITS; OR BUSINESS
    45                           ; INTERRUPTION) HOWSOEVER CAUSED AND ON ANY THEORY OF LIABILITY, WHETHER IN CONTRACT, ST
      +                          RICT
    46                           ; LIABILITY, OR TORT (INCLUDING NEGLIGENCE OR OTHERWISE) ARISING IN ANY WAY OUT OF THE U
      +                          SE OF
    47                           ; THIS SOFTWARE, EVEN IF ADVISED OF THE POSSIBILITY OF SUCH DAMAGE.
    48                           ; 
    49                           ; 
    50                           ; Code-generator required, PIC16F887 Definitions
    51                           ; 
    52                           ; SFR Addresses
    53  0000                     	;# 
    54  0001                     	;# 
    55  0002                     	;# 
    56  0003                     	;# 
    57  0004                     	;# 
    58  0005                     	;# 
    59  0006                     	;# 
    60  0007                     	;# 
    61  0008                     	;# 
    62  0009                     	;# 
    63  000A                     	;# 
    64  000B                     	;# 
    65  000C                     	;# 
    66  000D                     	;# 
    67  000E                     	;# 
    68  000E                     	;# 
    69  000F                     	;# 
    70  0010                     	;# 
    71  0011                     	;# 
    72  0012                     	;# 
    73  0013                     	;# 
    74  0014                     	;# 
    75  0015                     	;# 
    76  0015                     	;# 
    77  0016                     	;# 
    78  0017                     	;# 
    79  0018                     	;# 
    80  0019                     	;# 
    81  001A                     	;# 
    82  001B                     	;# 
    83  001B                     	;# 
    84  001C                     	;# 
    85  001D                     	;# 
    86  001E                     	;# 
    87  001F                     	;# 
    88  0081                     	;# 
    89  0085                     	;# 
    90  0086                     	;# 
    91  0087                     	;# 
    92  0088                     	;# 
    93  0089                     	;# 
    94  008C                     	;# 
    95  008D                     	;# 
    96  008E                     	;# 
    97  008F                     	;# 
    98  0090                     	;# 
    99  0091                     	;# 
   100  0092                     	;# 
   101  0093                     	;# 
   102  0093                     	;# 
   103  0093                     	;# 
   104  0094                     	;# 
   105  0095                     	;# 
   106  0096                     	;# 
   107  0097                     	;# 
   108  0098                     	;# 
   109  0099                     	;# 
   110  009A                     	;# 
   111  009B                     	;# 
   112  009C                     	;# 
   113  009D                     	;# 
   114  009E                     	;# 
   115  009F                     	;# 
   116  0105                     	;# 
   117  0107                     	;# 
   118  0108                     	;# 
   119  0109                     	;# 
   120  010C                     	;# 
   121  010C                     	;# 
   122  010D                     	;# 
   123  010E                     	;# 
   124  010F                     	;# 
   125  0185                     	;# 
   126  0187                     	;# 
   127  0188                     	;# 
   128  0189                     	;# 
   129  018C                     	;# 
   130  018D                     	;# 
   131  0000                     	;# 
   132  0001                     	;# 
   133  0002                     	;# 
   134  0003                     	;# 
   135  0004                     	;# 
   136  0005                     	;# 
   137  0006                     	;# 
   138  0007                     	;# 
   139  0008                     	;# 
   140  0009                     	;# 
   141  000A                     	;# 
   142  000B                     	;# 
   143  000C                     	;# 
   144  000D                     	;# 
   145  000E                     	;# 
   146  000E                     	;# 
   147  000F                     	;# 
   148  0010                     	;# 
   149  0011                     	;# 
   150  0012                     	;# 
   151  0013                     	;# 
   152  0014                     	;# 
   153  0015                     	;# 
   154  0015                     	;# 
   155  0016                     	;# 
   156  0017                     	;# 
   157  0018                     	;# 
   158  0019                     	;# 
   159  001A                     	;# 
   160  001B                     	;# 
   161  001B                     	;# 
   162  001C                     	;# 
   163  001D                     	;# 
   164  001E                     	;# 
   165  001F                     	;# 
   166  0081                     	;# 
   167  0085                     	;# 
   168  0086                     	;# 
   169  0087                     	;# 
   170  0088                     	;# 
   171  0089                     	;# 
   172  008C                     	;# 
   173  008D                     	;# 
   174  008E                     	;# 
   175  008F                     	;# 
   176  0090                     	;# 
   177  0091                     	;# 
   178  0092                     	;# 
   179  0093                     	;# 
   180  0093                     	;# 
   181  0093                     	;# 
   182  0094                     	;# 
   183  0095                     	;# 
   184  0096                     	;# 
   185  0097                     	;# 
   186  0098                     	;# 
   187  0099                     	;# 
   188  009A                     	;# 
   189  009B                     	;# 
   190  009C                     	;# 
   191  009D                     	;# 
   192  009E                     	;# 
   193  009F                     	;# 
   194  0105                     	;# 
   195  0107                     	;# 
   196  0108                     	;# 
   197  0109                     	;# 
   198  010C                     	;# 
   199  010C                     	;# 
   200  010D                     	;# 
   201  010E                     	;# 
   202  010F                     	;# 
   203  0185                     	;# 
   204  0187                     	;# 
   205  0188                     	;# 
   206  0189                     	;# 
   207  018C                     	;# 
   208  018D                     	;# 
   209  0000                     	;# 
   210  0001                     	;# 
   211  0002                     	;# 
   212  0003                     	;# 
   213  0004                     	;# 
   214  0005                     	;# 
   215  0006                     	;# 
   216  0007                     	;# 
   217  0008                     	;# 
   218  0009                     	;# 
   219  000A                     	;# 
   220  000B                     	;# 
   221  000C                     	;# 
   222  000D                     	;# 
   223  000E                     	;# 
   224  000E                     	;# 
   225  000F                     	;# 
   226  0010                     	;# 
   227  0011                     	;# 
   228  0012                     	;# 
   229  0013                     	;# 
   230  0014                     	;# 
   231  0015                     	;# 
   232  0015                     	;# 
   233  0016                     	;# 
   234  0017                     	;# 
   235  0018                     	;# 
   236  0019                     	;# 
   237  001A                     	;# 
   238  001B                     	;# 
   239  001B                     	;# 
   240  001C                     	;# 
   241  001D                     	;# 
   242  001E                     	;# 
   243  001F                     	;# 
   244  0081                     	;# 
   245  0085                     	;# 
   246  0086                     	;# 
   247  0087                     	;# 
   248  0088                     	;# 
   249  0089                     	;# 
   250  008C                     	;# 
   251  008D                     	;# 
   252  008E                     	;# 
   253  008F                     	;# 
   254  0090                     	;# 
   255  0091                     	;# 
   256  0092                     	;# 
   257  0093                     	;# 
   258  0093                     	;# 
   259  0093                     	;# 
   260  0094                     	;# 
   261  0095                     	;# 
   262  0096                     	;# 
   263  0097                     	;# 
   264  0098                     	;# 
   265  0099                     	;# 
   266  009A                     	;# 
   267  009B                     	;# 
   268  009C                     	;# 
   269  009D                     	;# 
   270  009E                     	;# 
   271  009F                     	;# 
   272  0105                     	;# 
   273  0107                     	;# 
   274  0108                     	;# 
   275  0109                     	;# 
   276  010C                     	;# 
   277  010C                     	;# 
   278  010D                     	;# 
   279  010E                     	;# 
   280  010F                     	;# 
   281  0185                     	;# 
   282  0187                     	;# 
   283  0188                     	;# 
   284  0189                     	;# 
   285  018C                     	;# 
   286  018D                     	;# 
   287  0009                     _PORTE	set	9
   288  0006                     _PORTB	set	6
   289  0007                     _PORTC	set	7
   290  0005                     _PORTA	set	5
   291  000B                     _INTCONbits	set	11
   292  0008                     _PORTD	set	8
   293  0014                     _SSPCONbits	set	20
   294  000C                     _PIR1bits	set	12
   295  0013                     _SSPBUF	set	19
   296  0014                     _SSPCON	set	20
   297  0048                     _RE0	set	72
   298  0037                     _RB7	set	55
   299  0028                     _RA0	set	40
   300  0031                     _RB1	set	49
   301  0058                     _RBIF	set	88
   302  0063                     _SSPIF	set	99
   303  005E                     _PEIE	set	94
   304  005F                     _GIE	set	95
   305  008F                     _OSCCONbits	set	143
   306  0096                     _IOCBbits	set	150
   307  0095                     _WPUB	set	149
   308  0081                     _OPTION_REGbits	set	129
   309  0088                     _TRISD	set	136
   310  0086                     _TRISBbits	set	134
   311  0094                     _SSPSTATbits	set	148
   312  0091                     _SSPCON2bits	set	145
   313  0087                     _TRISCbits	set	135
   314  0094                     _SSPSTAT	set	148
   315  0093                     _SSPADD	set	147
   316  0091                     _SSPCON2	set	145
   317  0448                     _TRISE0	set	1096
   318  0431                     _TRISB1	set	1073
   319  042F                     _TRISA7	set	1071
   320  0428                     _TRISA0	set	1064
   321  04A0                     _BF	set	1184
   322  0463                     _SSPIE	set	1123
   323  043C                     _TRISC4	set	1084
   324  043B                     _TRISC3	set	1083
   325  0189                     _ANSELH	set	393
   326  0188                     _ANSEL	set	392
   327                           
   328                           	psect	cinit
   329  000F                     start_initialization:	
   330                           ; #config settings
   331                           
   332  000F                     __initialization:
   333                           
   334                           ; Clear objects allocated to COMMON
   335  000F  01F7               	clrf	__pbssCOMMON& (0+127)
   336  0010  01F8               	clrf	(__pbssCOMMON+1)& (0+127)
   337  0011  01F9               	clrf	(__pbssCOMMON+2)& (0+127)
   338  0012  01FA               	clrf	(__pbssCOMMON+3)& (0+127)
   339  0013                     end_of_initialization:	
   340                           ;End of C runtime variable initialization code
   341                           
   342  0013                     __end_of__initialization:
   343  0013  0183               	clrf	3
   344  0014  120A  118A  2905   	ljmp	_main	;jump to C main() function
   345                           
   346                           	psect	bssCOMMON
   347  0077                     __pbssCOMMON:
   348  0077                     _CONT:
   349  0077                     	ds	1
   350  0078                     _quetzal:
   351  0078                     	ds	1
   352  0079                     _infra:
   353  0079                     	ds	1
   354  007A                     _C:
   355  007A                     	ds	1
   356                           
   357                           	psect	cstackCOMMON
   358  0070                     __pcstackCOMMON:
   359  0070                     ?_servo_1_5:
   360  0070                     ??_servo_1_5:	
   361                           ; 1 bytes @ 0x0
   362                           
   363  0070                     ?_servo_1_1:	
   364                           ; 1 bytes @ 0x0
   365                           
   366  0070                     ??_servo_1_1:	
   367                           ; 1 bytes @ 0x0
   368                           
   369  0070                     ?_setup:	
   370                           ; 1 bytes @ 0x0
   371                           
   372  0070                     ?_infrared:	
   373                           ; 1 bytes @ 0x0
   374                           
   375  0070                     ?_I2C_Slave_Init:	
   376                           ; 1 bytes @ 0x0
   377                           
   378  0070                     ?_isr:	
   379                           ; 1 bytes @ 0x0
   380                           
   381  0070                     ?_main:	
   382                           ; 1 bytes @ 0x0
   383                           
   384                           
   385                           ; 1 bytes @ 0x0
   386  0070                     	ds	2
   387  0072                     ??_isr:
   388                           
   389                           ; 1 bytes @ 0x2
   390  0072                     	ds	5
   391                           
   392                           	psect	cstackBANK0
   393  0020                     __pcstackBANK0:
   394  0020                     ??_infrared:
   395  0020                     ??_I2C_Slave_Init:	
   396                           ; 1 bytes @ 0x0
   397                           
   398  0020                     I2C_Slave_Init@address:	
   399                           ; 1 bytes @ 0x0
   400                           
   401                           
   402                           ; 1 bytes @ 0x0
   403  0020                     	ds	1
   404  0021                     ??_setup:
   405                           
   406                           ; 1 bytes @ 0x1
   407  0021                     	ds	2
   408  0023                     ??_main:
   409                           
   410                           ; 1 bytes @ 0x3
   411  0023                     	ds	3
   412                           
   413                           	psect	maintext
   414  0105                     __pmaintext:	
   415 ;;
   416 ;;Main: autosize = 0, tempsize = 3, incstack = 0, save=0
   417 ;;
   418 ;; *************** function _main *****************
   419 ;; Defined at:
   420 ;;		line 104 in file "ESCLAVO1.c"
   421 ;; Parameters:    Size  Location     Type
   422 ;;		None
   423 ;; Auto vars:     Size  Location     Type
   424 ;;		None
   425 ;; Return value:  Size  Location     Type
   426 ;;                  1    wreg      void 
   427 ;; Registers used:
   428 ;;		wreg, status,2, status,0, pclath, cstack
   429 ;; Tracked objects:
   430 ;;		On entry : B00/0
   431 ;;		On exit  : 0/0
   432 ;;		Unchanged: 0/0
   433 ;; Data sizes:     COMMON   BANK0   BANK1   BANK3   BANK2
   434 ;;      Params:         0       0       0       0       0
   435 ;;      Locals:         0       0       0       0       0
   436 ;;      Temps:          0       3       0       0       0
   437 ;;      Totals:         0       3       0       0       0
   438 ;;Total ram usage:        3 bytes
   439 ;; Hardware stack levels required when called:    4
   440 ;; This function calls:
   441 ;;		_infrared
   442 ;;		_setup
   443 ;; This function is called by:
   444 ;;		Startup code after reset
   445 ;; This function uses a non-reentrant model
   446 ;;
   447                           
   448                           
   449                           ;psect for function _main
   450  0105                     _main:
   451  0105                     l1125:	
   452                           ;incstack = 0
   453                           ; Regs used in _main: [wreg+status,2+status,0+pclath+cstack]
   454                           
   455                           
   456                           ;ESCLAVO1.c: 105:     setup();
   457  0105  120A  118A  20BA  120A  118A  	fcall	_setup
   458  010A                     l1127:
   459                           
   460                           ;ESCLAVO1.c: 110:          PORTD = CONT;
   461  010A  0877               	movf	_CONT,w
   462  010B  1283               	bcf	3,5	;RP0=0, select bank0
   463  010C  1303               	bcf	3,6	;RP1=0, select bank0
   464  010D  0088               	movwf	8	;volatile
   465  010E                     l1129:
   466                           
   467                           ;ESCLAVO1.c: 111:         _delay((unsigned long)((750)*(8000000/4000.0)));
   468  010E  3008               	movlw	8
   469  010F  1283               	bcf	3,5	;RP0=0, select bank0
   470  0110  1303               	bcf	3,6	;RP1=0, select bank0
   471  0111  00A5               	movwf	??_main+2
   472  0112  309D               	movlw	157
   473  0113  00A4               	movwf	??_main+1
   474  0114  3005               	movlw	5
   475  0115  00A3               	movwf	??_main
   476  0116                     u207:
   477  0116  0BA3               	decfsz	??_main,f
   478  0117  2916               	goto	u207
   479  0118  0BA4               	decfsz	??_main+1,f
   480  0119  2916               	goto	u207
   481  011A  0BA5               	decfsz	??_main+2,f
   482  011B  2916               	goto	u207
   483                           
   484                           ;ESCLAVO1.c: 113:         infrared();
   485  011C  120A  118A  20E2  120A  118A  	fcall	_infrared
   486  0121  290A               	goto	l1127
   487  0122  120A  118A  280C   	ljmp	start
   488  0125                     __end_of_main:
   489                           
   490                           	psect	text1
   491  00BA                     __ptext1:	
   492 ;; *************** function _setup *****************
   493 ;; Defined at:
   494 ;;		line 169 in file "ESCLAVO1.c"
   495 ;; Parameters:    Size  Location     Type
   496 ;;		None
   497 ;; Auto vars:     Size  Location     Type
   498 ;;		None
   499 ;; Return value:  Size  Location     Type
   500 ;;                  1    wreg      void 
   501 ;; Registers used:
   502 ;;		wreg, status,2, status,0, pclath, cstack
   503 ;; Tracked objects:
   504 ;;		On entry : 0/0
   505 ;;		On exit  : 0/0
   506 ;;		Unchanged: 0/0
   507 ;; Data sizes:     COMMON   BANK0   BANK1   BANK3   BANK2
   508 ;;      Params:         0       0       0       0       0
   509 ;;      Locals:         0       0       0       0       0
   510 ;;      Temps:          0       0       0       0       0
   511 ;;      Totals:         0       0       0       0       0
   512 ;;Total ram usage:        0 bytes
   513 ;; Hardware stack levels used:    1
   514 ;; Hardware stack levels required when called:    3
   515 ;; This function calls:
   516 ;;		_I2C_Slave_Init
   517 ;; This function is called by:
   518 ;;		_main
   519 ;; This function uses a non-reentrant model
   520 ;;
   521                           
   522                           
   523                           ;psect for function _setup
   524  00BA                     _setup:
   525  00BA                     l1075:	
   526                           ;incstack = 0
   527                           ; Regs used in _setup: [wreg+status,2+status,0+pclath+cstack]
   528                           
   529                           
   530                           ;ESCLAVO1.c: 170:     ANSEL = 0;
   531  00BA  1683               	bsf	3,5	;RP0=1, select bank3
   532  00BB  1703               	bsf	3,6	;RP1=1, select bank3
   533  00BC  0188               	clrf	8	;volatile
   534                           
   535                           ;ESCLAVO1.c: 171:     ANSELH = 0;
   536  00BD  0189               	clrf	9	;volatile
   537  00BE                     l1077:
   538                           
   539                           ;ESCLAVO1.c: 172:     TRISA0 = 1;
   540  00BE  1683               	bsf	3,5	;RP0=1, select bank1
   541  00BF  1303               	bcf	3,6	;RP1=0, select bank1
   542  00C0  1405               	bsf	5,0	;volatile
   543  00C1                     l1079:
   544                           
   545                           ;ESCLAVO1.c: 173:     TRISA7 = 0;
   546  00C1  1385               	bcf	5,7	;volatile
   547  00C2                     l1081:
   548                           
   549                           ;ESCLAVO1.c: 174:     TRISBbits.TRISB7 = 0;
   550  00C2  1386               	bcf	6,7	;volatile
   551                           
   552                           ;ESCLAVO1.c: 175:     TRISD = 0X00;
   553  00C3  0188               	clrf	8	;volatile
   554  00C4                     l1083:
   555                           
   556                           ;ESCLAVO1.c: 178:     INTCONbits.GIE = 1;
   557  00C4  178B               	bsf	11,7	;volatile
   558  00C5                     l1085:
   559                           
   560                           ;ESCLAVO1.c: 179:     INTCONbits.PEIE = 1;
   561  00C5  170B               	bsf	11,6	;volatile
   562  00C6                     l1087:
   563                           
   564                           ;ESCLAVO1.c: 182:     TRISB1 = 1;
   565  00C6  1486               	bsf	6,1	;volatile
   566  00C7                     l1089:
   567                           
   568                           ;ESCLAVO1.c: 183:     TRISE0 = 0;
   569  00C7  1009               	bcf	9,0	;volatile
   570  00C8                     l1091:
   571                           
   572                           ;ESCLAVO1.c: 184:     OPTION_REGbits.nRBPU = 0;
   573  00C8  1381               	bcf	1,7	;volatile
   574  00C9                     l1093:
   575                           
   576                           ;ESCLAVO1.c: 185:     WPUB = 0b00000010;
   577  00C9  3002               	movlw	2
   578  00CA  0095               	movwf	21	;volatile
   579  00CB                     l1095:
   580                           
   581                           ;ESCLAVO1.c: 186:     IOCBbits.IOCB1 = 1;
   582  00CB  1496               	bsf	22,1	;volatile
   583  00CC                     l1097:
   584                           
   585                           ;ESCLAVO1.c: 191:     OSCCONbits.IRCF2 = 1;
   586  00CC  170F               	bsf	15,6	;volatile
   587  00CD                     l1099:
   588                           
   589                           ;ESCLAVO1.c: 192:     OSCCONbits.IRCF1 = 1;
   590  00CD  168F               	bsf	15,5	;volatile
   591  00CE                     l1101:
   592                           
   593                           ;ESCLAVO1.c: 193:     OSCCONbits.IRCF0 = 1;
   594  00CE  160F               	bsf	15,4	;volatile
   595  00CF                     l1103:
   596                           
   597                           ;ESCLAVO1.c: 194:     OSCCONbits.SCS = 1;
   598  00CF  140F               	bsf	15,0	;volatile
   599  00D0                     l1105:
   600                           
   601                           ;ESCLAVO1.c: 195:     I2C_Slave_Init(0x50);
   602  00D0  3050               	movlw	80
   603  00D1  120A  118A  2125  120A  118A  	fcall	_I2C_Slave_Init
   604  00D6                     l1107:
   605                           
   606                           ;ESCLAVO1.c: 198:     INTCONbits.GIE = 1;
   607  00D6  178B               	bsf	11,7	;volatile
   608  00D7                     l1109:
   609                           
   610                           ;ESCLAVO1.c: 200:     INTCONbits.RBIE = 1;
   611  00D7  158B               	bsf	11,3	;volatile
   612  00D8                     l1111:
   613                           
   614                           ;ESCLAVO1.c: 201:     INTCONbits.RBIF = 0;
   615  00D8  100B               	bcf	11,0	;volatile
   616  00D9                     l1113:
   617                           
   618                           ;ESCLAVO1.c: 202:     INTCONbits.PEIE = 1;
   619  00D9  170B               	bsf	11,6	;volatile
   620  00DA                     l1115:
   621                           
   622                           ;ESCLAVO1.c: 204:     PORTA = 0x00;
   623  00DA  1283               	bcf	3,5	;RP0=0, select bank0
   624  00DB  1303               	bcf	3,6	;RP1=0, select bank0
   625  00DC  0185               	clrf	5	;volatile
   626  00DD                     l1117:
   627                           
   628                           ;ESCLAVO1.c: 205:     PORTC = 0x00;
   629  00DD  0187               	clrf	7	;volatile
   630  00DE                     l1119:
   631                           
   632                           ;ESCLAVO1.c: 206:     PORTB = 0X00;
   633  00DE  0186               	clrf	6	;volatile
   634  00DF                     l1121:
   635                           
   636                           ;ESCLAVO1.c: 207:     PORTD = 0x00;
   637  00DF  0188               	clrf	8	;volatile
   638  00E0                     l1123:
   639                           
   640                           ;ESCLAVO1.c: 208:     PORTE = 0x00;
   641  00E0  0189               	clrf	9	;volatile
   642  00E1                     l183:
   643  00E1  0008               	return
   644  00E2                     __end_of_setup:
   645                           
   646                           	psect	text2
   647  0125                     __ptext2:	
   648 ;; *************** function _I2C_Slave_Init *****************
   649 ;; Defined at:
   650 ;;		line 88 in file "I2C.c"
   651 ;; Parameters:    Size  Location     Type
   652 ;;  address         1    wreg     unsigned char 
   653 ;; Auto vars:     Size  Location     Type
   654 ;;  address         1    0[BANK0 ] unsigned char 
   655 ;; Return value:  Size  Location     Type
   656 ;;                  1    wreg      void 
   657 ;; Registers used:
   658 ;;		wreg
   659 ;; Tracked objects:
   660 ;;		On entry : 0/0
   661 ;;		On exit  : 0/0
   662 ;;		Unchanged: 0/0
   663 ;; Data sizes:     COMMON   BANK0   BANK1   BANK3   BANK2
   664 ;;      Params:         0       0       0       0       0
   665 ;;      Locals:         0       1       0       0       0
   666 ;;      Temps:          0       0       0       0       0
   667 ;;      Totals:         0       1       0       0       0
   668 ;;Total ram usage:        1 bytes
   669 ;; Hardware stack levels used:    1
   670 ;; Hardware stack levels required when called:    2
   671 ;; This function calls:
   672 ;;		Nothing
   673 ;; This function is called by:
   674 ;;		_setup
   675 ;; This function uses a non-reentrant model
   676 ;;
   677                           
   678                           
   679                           ;psect for function _I2C_Slave_Init
   680  0125                     _I2C_Slave_Init:
   681                           
   682                           ;incstack = 0
   683                           ; Regs used in _I2C_Slave_Init: [wreg]
   684                           ;I2C_Slave_Init@address stored from wreg
   685  0125  1283               	bcf	3,5	;RP0=0, select bank0
   686  0126  1303               	bcf	3,6	;RP1=0, select bank0
   687  0127  00A0               	movwf	I2C_Slave_Init@address
   688  0128                     l1061:
   689                           
   690                           ;I2C.c: 88: void I2C_Slave_Init(uint8_t address);I2C.c: 89: {;I2C.c: 90:     SSPADD = ad
      +                          dress;
   691  0128  0820               	movf	I2C_Slave_Init@address,w
   692  0129  1683               	bsf	3,5	;RP0=1, select bank1
   693  012A  1303               	bcf	3,6	;RP1=0, select bank1
   694  012B  0093               	movwf	19	;volatile
   695                           
   696                           ;I2C.c: 91:     SSPCON = 0x36;
   697  012C  3036               	movlw	54
   698  012D  1283               	bcf	3,5	;RP0=0, select bank0
   699  012E  1303               	bcf	3,6	;RP1=0, select bank0
   700  012F  0094               	movwf	20	;volatile
   701                           
   702                           ;I2C.c: 92:     SSPSTAT = 0x80;
   703  0130  3080               	movlw	128
   704  0131  1683               	bsf	3,5	;RP0=1, select bank1
   705  0132  1303               	bcf	3,6	;RP1=0, select bank1
   706  0133  0094               	movwf	20	;volatile
   707                           
   708                           ;I2C.c: 93:     SSPCON2 = 0x01;
   709  0134  3001               	movlw	1
   710  0135  0091               	movwf	17	;volatile
   711  0136                     l1063:
   712                           
   713                           ;I2C.c: 94:     TRISC3 = 1;
   714  0136  1587               	bsf	7,3	;volatile
   715  0137                     l1065:
   716                           
   717                           ;I2C.c: 95:     TRISC4 = 1;
   718  0137  1607               	bsf	7,4	;volatile
   719  0138                     l1067:
   720                           
   721                           ;I2C.c: 96:     GIE = 1;
   722  0138  178B               	bsf	11,7	;volatile
   723  0139                     l1069:
   724                           
   725                           ;I2C.c: 97:     PEIE = 1;
   726  0139  170B               	bsf	11,6	;volatile
   727  013A                     l1071:
   728                           
   729                           ;I2C.c: 98:     SSPIF = 0;
   730  013A  1283               	bcf	3,5	;RP0=0, select bank0
   731  013B  1303               	bcf	3,6	;RP1=0, select bank0
   732  013C  118C               	bcf	12,3	;volatile
   733  013D                     l1073:
   734                           
   735                           ;I2C.c: 99:     SSPIE = 1;
   736  013D  1683               	bsf	3,5	;RP0=1, select bank1
   737  013E  1303               	bcf	3,6	;RP1=0, select bank1
   738  013F  158C               	bsf	12,3	;volatile
   739  0140                     l55:
   740  0140  0008               	return
   741  0141                     __end_of_I2C_Slave_Init:
   742                           
   743                           	psect	text3
   744  00E2                     __ptext3:	
   745 ;; *************** function _infrared *****************
   746 ;; Defined at:
   747 ;;		line 121 in file "ESCLAVO1.c"
   748 ;; Parameters:    Size  Location     Type
   749 ;;		None
   750 ;; Auto vars:     Size  Location     Type
   751 ;;		None
   752 ;; Return value:  Size  Location     Type
   753 ;;                  1    wreg      void 
   754 ;; Registers used:
   755 ;;		wreg, status,2, status,0
   756 ;; Tracked objects:
   757 ;;		On entry : 0/0
   758 ;;		On exit  : 0/0
   759 ;;		Unchanged: 0/0
   760 ;; Data sizes:     COMMON   BANK0   BANK1   BANK3   BANK2
   761 ;;      Params:         0       0       0       0       0
   762 ;;      Locals:         0       0       0       0       0
   763 ;;      Temps:          0       3       0       0       0
   764 ;;      Totals:         0       3       0       0       0
   765 ;;Total ram usage:        3 bytes
   766 ;; Hardware stack levels used:    1
   767 ;; Hardware stack levels required when called:    2
   768 ;; This function calls:
   769 ;;		Nothing
   770 ;; This function is called by:
   771 ;;		_main
   772 ;; This function uses a non-reentrant model
   773 ;;
   774                           
   775                           
   776                           ;psect for function _infrared
   777  00E2                     _infrared:
   778  00E2                     l1043:	
   779                           ;incstack = 0
   780                           ; Regs used in _infrared: [wreg+status,2+status,0]
   781                           
   782                           
   783                           ;ESCLAVO1.c: 122:     if(RA0 == 1){
   784  00E2  1283               	bcf	3,5	;RP0=0, select bank0
   785  00E3  1303               	bcf	3,6	;RP1=0, select bank0
   786  00E4  1C05               	btfss	5,0	;volatile
   787  00E5  28E7               	goto	u181
   788  00E6  28E8               	goto	u180
   789  00E7                     u181:
   790  00E7  28FF               	goto	l162
   791  00E8                     u180:
   792  00E8                     l1045:
   793                           
   794                           ;ESCLAVO1.c: 123:         RB7 = 1;
   795  00E8  1786               	bsf	6,7	;volatile
   796  00E9                     l1047:
   797                           
   798                           ;ESCLAVO1.c: 124:         _delay((unsigned long)((500)*(8000000/4000.0)));
   799  00E9  3006               	movlw	6
   800  00EA  1283               	bcf	3,5	;RP0=0, select bank0
   801  00EB  1303               	bcf	3,6	;RP1=0, select bank0
   802  00EC  00A2               	movwf	??_infrared+2
   803  00ED  3013               	movlw	19
   804  00EE  00A1               	movwf	??_infrared+1
   805  00EF  30AD               	movlw	173
   806  00F0  00A0               	movwf	??_infrared
   807  00F1                     u217:
   808  00F1  0BA0               	decfsz	??_infrared,f
   809  00F2  28F1               	goto	u217
   810  00F3  0BA1               	decfsz	??_infrared+1,f
   811  00F4  28F1               	goto	u217
   812  00F5  0BA2               	decfsz	??_infrared+2,f
   813  00F6  28F1               	goto	u217
   814  00F7                     l1049:
   815                           
   816                           ;ESCLAVO1.c: 125:         RB7 = 0;
   817  00F7  1283               	bcf	3,5	;RP0=0, select bank0
   818  00F8  1303               	bcf	3,6	;RP1=0, select bank0
   819  00F9  1386               	bcf	6,7	;volatile
   820  00FA                     l1051:
   821                           
   822                           ;ESCLAVO1.c: 126:         CONT++;
   823  00FA  3001               	movlw	1
   824  00FB  00A0               	movwf	??_infrared
   825  00FC  0820               	movf	??_infrared,w
   826  00FD  07F7               	addwf	_CONT,f
   827                           
   828                           ;ESCLAVO1.c: 127:         }
   829  00FE  2904               	goto	l165
   830  00FF                     l162:	
   831                           ;ESCLAVO1.c: 129:     else if (RA0 == 0){
   832                           
   833  00FF  1805               	btfsc	5,0	;volatile
   834  0100  2902               	goto	u191
   835  0101  2903               	goto	u190
   836  0102                     u191:
   837  0102  2904               	goto	l165
   838  0103                     u190:
   839  0103                     l1053:
   840                           
   841                           ;ESCLAVO1.c: 130:         RB7 = 0;
   842  0103  1386               	bcf	6,7	;volatile
   843  0104                     l165:
   844  0104  0008               	return
   845  0105                     __end_of_infrared:
   846                           
   847                           	psect	text4
   848  0017                     __ptext4:	
   849 ;; *************** function _isr *****************
   850 ;; Defined at:
   851 ;;		line 53 in file "ESCLAVO1.c"
   852 ;; Parameters:    Size  Location     Type
   853 ;;		None
   854 ;; Auto vars:     Size  Location     Type
   855 ;;		None
   856 ;; Return value:  Size  Location     Type
   857 ;;                  1    wreg      void 
   858 ;; Registers used:
   859 ;;		wreg, status,2, status,0, pclath, cstack
   860 ;; Tracked objects:
   861 ;;		On entry : 0/0
   862 ;;		On exit  : 0/0
   863 ;;		Unchanged: 0/0
   864 ;; Data sizes:     COMMON   BANK0   BANK1   BANK3   BANK2
   865 ;;      Params:         0       0       0       0       0
   866 ;;      Locals:         0       0       0       0       0
   867 ;;      Temps:          5       0       0       0       0
   868 ;;      Totals:         5       0       0       0       0
   869 ;;Total ram usage:        5 bytes
   870 ;; Hardware stack levels used:    1
   871 ;; Hardware stack levels required when called:    1
   872 ;; This function calls:
   873 ;;		_servo_1_1
   874 ;;		_servo_1_5
   875 ;; This function is called by:
   876 ;;		Interrupt level 1
   877 ;; This function uses a non-reentrant model
   878 ;;
   879                           
   880                           
   881                           ;psect for function _isr
   882  0017                     _isr:
   883  0017                     i1l907:
   884                           
   885                           ;ESCLAVO1.c: 54:    if(PIR1bits.SSPIF == 1){
   886  0017  1283               	bcf	3,5	;RP0=0, select bank0
   887  0018  1303               	bcf	3,6	;RP1=0, select bank0
   888  0019  1D8C               	btfss	12,3	;volatile
   889  001A  281C               	goto	u7_21
   890  001B  281D               	goto	u7_20
   891  001C                     u7_21:
   892  001C  288F               	goto	i1l136
   893  001D                     u7_20:
   894  001D                     i1l909:
   895                           
   896                           ;ESCLAVO1.c: 56:         SSPCONbits.CKP = 0;
   897  001D  1214               	bcf	20,4	;volatile
   898                           
   899                           ;ESCLAVO1.c: 58:         if ((SSPCONbits.SSPOV) || (SSPCONbits.WCOL)){
   900  001E  1B14               	btfsc	20,6	;volatile
   901  001F  2821               	goto	u8_21
   902  0020  2822               	goto	u8_20
   903  0021                     u8_21:
   904  0021  2826               	goto	i1l913
   905  0022                     u8_20:
   906  0022                     i1l911:
   907  0022  1F94               	btfss	20,7	;volatile
   908  0023  2825               	goto	u9_21
   909  0024  2826               	goto	u9_20
   910  0025                     u9_21:
   911  0025  282D               	goto	i1l921
   912  0026                     u9_20:
   913  0026                     i1l913:
   914                           
   915                           ;ESCLAVO1.c: 59:             C = SSPBUF;
   916  0026  0813               	movf	19,w	;volatile
   917  0027  00F2               	movwf	??_isr
   918  0028  0872               	movf	??_isr,w
   919  0029  00FA               	movwf	_C
   920  002A                     i1l915:
   921                           
   922                           ;ESCLAVO1.c: 60:             SSPCONbits.SSPOV = 0;
   923  002A  1314               	bcf	20,6	;volatile
   924  002B                     i1l917:
   925                           
   926                           ;ESCLAVO1.c: 61:             SSPCONbits.WCOL = 0;
   927  002B  1394               	bcf	20,7	;volatile
   928  002C                     i1l919:
   929                           
   930                           ;ESCLAVO1.c: 62:             SSPCONbits.CKP = 1;
   931  002C  1614               	bsf	20,4	;volatile
   932  002D                     i1l921:
   933                           
   934                           ;ESCLAVO1.c: 65:         if(!SSPSTATbits.D_nA && !SSPSTATbits.R_nW) {
   935  002D  1683               	bsf	3,5	;RP0=1, select bank1
   936  002E  1303               	bcf	3,6	;RP1=0, select bank1
   937  002F  1A94               	btfsc	20,5	;volatile
   938  0030  2832               	goto	u10_21
   939  0031  2833               	goto	u10_20
   940  0032                     u10_21:
   941  0032  285A               	goto	i1l140
   942  0033                     u10_20:
   943  0033                     i1l923:
   944  0033  1914               	btfsc	20,2	;volatile
   945  0034  2836               	goto	u11_21
   946  0035  2837               	goto	u11_20
   947  0036                     u11_21:
   948  0036  285A               	goto	i1l140
   949  0037                     u11_20:
   950  0037                     i1l925:
   951                           
   952                           ;ESCLAVO1.c: 66:             _delay((unsigned long)((7)*(8000000/4000000.0)));
   953  0037  3004               	movlw	4
   954  0038  00F2               	movwf	??_isr
   955  0039                     u22_27:
   956  0039  0BF2               	decfsz	??_isr,f
   957  003A  2839               	goto	u22_27
   958  003B  0000               	nop
   959                           
   960                           ;ESCLAVO1.c: 67:             C = SSPBUF;
   961  003C  1283               	bcf	3,5	;RP0=0, select bank0
   962  003D  1303               	bcf	3,6	;RP1=0, select bank0
   963  003E  0813               	movf	19,w	;volatile
   964  003F  00F2               	movwf	??_isr
   965  0040  0872               	movf	??_isr,w
   966  0041  00FA               	movwf	_C
   967  0042                     i1l927:
   968                           
   969                           ;ESCLAVO1.c: 68:             _delay((unsigned long)((2)*(8000000/4000000.0)));
   970  0042  2843               	nop2	;2 cycle nop
   971  0043  2844               	nop2	;2 cycle nop
   972  0044                     i1l929:
   973                           
   974                           ;ESCLAVO1.c: 69:             PIR1bits.SSPIF = 0;
   975  0044  1283               	bcf	3,5	;RP0=0, select bank0
   976  0045  1303               	bcf	3,6	;RP1=0, select bank0
   977  0046  118C               	bcf	12,3	;volatile
   978  0047                     i1l931:
   979                           
   980                           ;ESCLAVO1.c: 70:             SSPCONbits.CKP = 1;
   981  0047  1614               	bsf	20,4	;volatile
   982  0048                     i1l141:	
   983                           ;ESCLAVO1.c: 71:             while(!SSPSTATbits.BF);
   984                           
   985  0048  1683               	bsf	3,5	;RP0=1, select bank1
   986  0049  1303               	bcf	3,6	;RP1=0, select bank1
   987  004A  1C14               	btfss	20,0	;volatile
   988  004B  284D               	goto	u12_21
   989  004C  284E               	goto	u12_20
   990  004D                     u12_21:
   991  004D  2848               	goto	i1l141
   992  004E                     u12_20:
   993  004E                     i1l933:
   994                           
   995                           ;ESCLAVO1.c: 72:             CONT = SSPBUF;
   996  004E  1283               	bcf	3,5	;RP0=0, select bank0
   997  004F  1303               	bcf	3,6	;RP1=0, select bank0
   998  0050  0813               	movf	19,w	;volatile
   999  0051  00F2               	movwf	??_isr
  1000  0052  0872               	movf	??_isr,w
  1001  0053  00F7               	movwf	_CONT
  1002                           
  1003                           ;ESCLAVO1.c: 73:             _delay((unsigned long)((250)*(8000000/4000000.0)));
  1004  0054  30A6               	movlw	166
  1005  0055  00F2               	movwf	??_isr
  1006  0056                     u23_27:
  1007  0056  0BF2               	decfsz	??_isr,f
  1008  0057  2856               	goto	u23_27
  1009  0058  0000               	nop
  1010                           
  1011                           ;ESCLAVO1.c: 75:         }else if(!SSPSTATbits.D_nA && SSPSTATbits.R_nW){
  1012  0059  288C               	goto	i1l144
  1013  005A                     i1l140:
  1014  005A  1A94               	btfsc	20,5	;volatile
  1015  005B  285D               	goto	u13_21
  1016  005C  285E               	goto	u13_20
  1017  005D                     u13_21:
  1018  005D  288C               	goto	i1l144
  1019  005E                     u13_20:
  1020  005E                     i1l935:
  1021  005E  1D14               	btfss	20,2	;volatile
  1022  005F  2861               	goto	u14_21
  1023  0060  2862               	goto	u14_20
  1024  0061                     u14_21:
  1025  0061  288C               	goto	i1l144
  1026  0062                     u14_20:
  1027  0062                     i1l937:
  1028                           
  1029                           ;ESCLAVO1.c: 76:             C = SSPBUF;
  1030  0062  1283               	bcf	3,5	;RP0=0, select bank0
  1031  0063  1303               	bcf	3,6	;RP1=0, select bank0
  1032  0064  0813               	movf	19,w	;volatile
  1033  0065  00F2               	movwf	??_isr
  1034  0066  0872               	movf	??_isr,w
  1035  0067  00FA               	movwf	_C
  1036  0068                     i1l939:
  1037                           
  1038                           ;ESCLAVO1.c: 77:             BF = 0;
  1039  0068  1683               	bsf	3,5	;RP0=1, select bank1
  1040  0069  1303               	bcf	3,6	;RP1=0, select bank1
  1041  006A  1014               	bcf	20,0	;volatile
  1042                           
  1043                           ;ESCLAVO1.c: 78:             SSPBUF = CONT;
  1044  006B  0877               	movf	_CONT,w
  1045  006C  1283               	bcf	3,5	;RP0=0, select bank0
  1046  006D  1303               	bcf	3,6	;RP1=0, select bank0
  1047  006E  0093               	movwf	19	;volatile
  1048                           
  1049                           ;ESCLAVO1.c: 79:             _delay((unsigned long)((250)*(8000000/4000.0)));
  1050  006F  3003               	movlw	3
  1051  0070  00F4               	movwf	??_isr+2
  1052  0071  308A               	movlw	138
  1053  0072  00F3               	movwf	??_isr+1
  1054  0073  3055               	movlw	85
  1055  0074  00F2               	movwf	??_isr
  1056  0075                     u24_27:
  1057  0075  0BF2               	decfsz	??_isr,f
  1058  0076  2875               	goto	u24_27
  1059  0077  0BF3               	decfsz	??_isr+1,f
  1060  0078  2875               	goto	u24_27
  1061  0079  0BF4               	decfsz	??_isr+2,f
  1062  007A  2875               	goto	u24_27
  1063  007B  287C               	nop2
  1064                           
  1065                           ;ESCLAVO1.c: 80:             SSPBUF = quetzal;
  1066  007C  0878               	movf	_quetzal,w
  1067  007D  1283               	bcf	3,5	;RP0=0, select bank0
  1068  007E  1303               	bcf	3,6	;RP1=0, select bank0
  1069  007F  0093               	movwf	19	;volatile
  1070  0080                     i1l941:
  1071                           
  1072                           ;ESCLAVO1.c: 81:             SSPCONbits.CKP = 1;
  1073  0080  1614               	bsf	20,4	;volatile
  1074                           
  1075                           ;ESCLAVO1.c: 82:             _delay((unsigned long)((250)*(8000000/4000000.0)));
  1076  0081  30A6               	movlw	166
  1077  0082  00F2               	movwf	??_isr
  1078  0083                     u25_27:
  1079  0083  0BF2               	decfsz	??_isr,f
  1080  0084  2883               	goto	u25_27
  1081  0085  0000               	nop
  1082  0086                     i1l146:	
  1083                           ;ESCLAVO1.c: 83:             while(SSPSTATbits.BF);
  1084                           
  1085  0086  1683               	bsf	3,5	;RP0=1, select bank1
  1086  0087  1303               	bcf	3,6	;RP1=0, select bank1
  1087  0088  1814               	btfsc	20,0	;volatile
  1088  0089  288B               	goto	u15_21
  1089  008A  288C               	goto	u15_20
  1090  008B                     u15_21:
  1091  008B  2886               	goto	i1l146
  1092  008C                     u15_20:
  1093  008C                     i1l144:
  1094                           
  1095                           ;ESCLAVO1.c: 86:         PIR1bits.SSPIF = 0;
  1096  008C  1283               	bcf	3,5	;RP0=0, select bank0
  1097  008D  1303               	bcf	3,6	;RP1=0, select bank0
  1098  008E  118C               	bcf	12,3	;volatile
  1099  008F                     i1l136:	
  1100                           ;ESCLAVO1.c: 87:     }
  1101                           
  1102                           
  1103                           ;ESCLAVO1.c: 88:    if(RBIF){
  1104  008F  1C0B               	btfss	11,0	;volatile
  1105  0090  2892               	goto	u16_21
  1106  0091  2893               	goto	u16_20
  1107  0092                     u16_21:
  1108  0092  28B3               	goto	i1l151
  1109  0093                     u16_20:
  1110  0093                     i1l943:
  1111                           
  1112                           ;ESCLAVO1.c: 89:         if(RB1 == 0){
  1113  0093  1886               	btfsc	6,1	;volatile
  1114  0094  2896               	goto	u17_21
  1115  0095  2897               	goto	u17_20
  1116  0096                     u17_21:
  1117  0096  28B2               	goto	i1l953
  1118  0097                     u17_20:
  1119  0097                     i1l945:
  1120                           
  1121                           ;ESCLAVO1.c: 90:             servo_1_5();
  1122  0097  120A  118A  2141  120A  118A  	fcall	_servo_1_5
  1123  009C                     i1l947:
  1124                           
  1125                           ;ESCLAVO1.c: 91:             _delay((unsigned long)((1000)*(8000000/4000.0)));
  1126  009C  300B               	movlw	11
  1127  009D  00F4               	movwf	??_isr+2
  1128  009E  3026               	movlw	38
  1129  009F  00F3               	movwf	??_isr+1
  1130  00A0  305D               	movlw	93
  1131  00A1  00F2               	movwf	??_isr
  1132  00A2                     u26_27:
  1133  00A2  0BF2               	decfsz	??_isr,f
  1134  00A3  28A2               	goto	u26_27
  1135  00A4  0BF3               	decfsz	??_isr+1,f
  1136  00A5  28A2               	goto	u26_27
  1137  00A6  0BF4               	decfsz	??_isr+2,f
  1138  00A7  28A2               	goto	u26_27
  1139  00A8  28A9               	nop2
  1140  00A9                     i1l949:
  1141                           
  1142                           ;ESCLAVO1.c: 92:             servo_1_1();
  1143  00A9  120A  118A  215A  120A  118A  	fcall	_servo_1_1
  1144  00AE                     i1l951:
  1145                           
  1146                           ;ESCLAVO1.c: 93:             quetzal++;
  1147  00AE  3001               	movlw	1
  1148  00AF  00F2               	movwf	??_isr
  1149  00B0  0872               	movf	??_isr,w
  1150  00B1  07F8               	addwf	_quetzal,f
  1151  00B2                     i1l953:
  1152                           
  1153                           ;ESCLAVO1.c: 96:         RBIF = 0;
  1154  00B2  100B               	bcf	11,0	;volatile
  1155  00B3                     i1l151:
  1156  00B3  0876               	movf	??_isr+4,w
  1157  00B4  008A               	movwf	10
  1158  00B5  0E75               	swapf	??_isr+3,w
  1159  00B6  0083               	movwf	3
  1160  00B7  0EFE               	swapf	btemp,f
  1161  00B8  0E7E               	swapf	btemp,w
  1162  00B9  0009               	retfie
  1163  00BA                     __end_of_isr:
  1164                           
  1165                           	psect	intentry
  1166  0004                     __pintentry:	
  1167                           ;incstack = 0
  1168                           ; Regs used in _isr: [wreg+status,2+status,0+pclath+cstack]
  1169                           
  1170  0004                     interrupt_function:
  1171  007E                     saved_w	set	btemp
  1172  0004  00FE               	movwf	btemp
  1173  0005  0E03               	swapf	3,w
  1174  0006  00F5               	movwf	??_isr+3
  1175  0007  080A               	movf	10,w
  1176  0008  00F6               	movwf	??_isr+4
  1177  0009  120A  118A  2817   	ljmp	_isr
  1178                           
  1179                           	psect	text5
  1180  0141                     __ptext5:	
  1181 ;; *************** function _servo_1_5 *****************
  1182 ;; Defined at:
  1183 ;;		line 162 in file "ESCLAVO1.c"
  1184 ;; Parameters:    Size  Location     Type
  1185 ;;		None
  1186 ;; Auto vars:     Size  Location     Type
  1187 ;;		None
  1188 ;; Return value:  Size  Location     Type
  1189 ;;                  1    wreg      void 
  1190 ;; Registers used:
  1191 ;;		wreg
  1192 ;; Tracked objects:
  1193 ;;		On entry : 0/0
  1194 ;;		On exit  : 0/0
  1195 ;;		Unchanged: 0/0
  1196 ;; Data sizes:     COMMON   BANK0   BANK1   BANK3   BANK2
  1197 ;;      Params:         0       0       0       0       0
  1198 ;;      Locals:         0       0       0       0       0
  1199 ;;      Temps:          2       0       0       0       0
  1200 ;;      Totals:         2       0       0       0       0
  1201 ;;Total ram usage:        2 bytes
  1202 ;; Hardware stack levels used:    1
  1203 ;; This function calls:
  1204 ;;		Nothing
  1205 ;; This function is called by:
  1206 ;;		_isr
  1207 ;; This function uses a non-reentrant model
  1208 ;;
  1209                           
  1210                           
  1211                           ;psect for function _servo_1_5
  1212  0141                     _servo_1_5:
  1213  0141                     i1l793:	
  1214                           ;incstack = 0
  1215                           ; Regs used in _servo_1_5: [wreg]
  1216                           
  1217                           
  1218                           ;ESCLAVO1.c: 163:     RE0 = 1;
  1219  0141  1283               	bcf	3,5	;RP0=0, select bank0
  1220  0142  1303               	bcf	3,6	;RP1=0, select bank0
  1221  0143  1409               	bsf	9,0	;volatile
  1222  0144                     i1l795:
  1223                           
  1224                           ;ESCLAVO1.c: 164:     _delay((unsigned long)((2)*(8000000/4000.0)));
  1225  0144  3006               	movlw	6
  1226  0145  00F1               	movwf	??_servo_1_5+1
  1227  0146  3030               	movlw	48
  1228  0147  00F0               	movwf	??_servo_1_5
  1229  0148                     u27_27:
  1230  0148  0BF0               	decfsz	??_servo_1_5,f
  1231  0149  2948               	goto	u27_27
  1232  014A  0BF1               	decfsz	??_servo_1_5+1,f
  1233  014B  2948               	goto	u27_27
  1234  014C  0000               	nop
  1235  014D                     i1l797:
  1236                           
  1237                           ;ESCLAVO1.c: 165:     RE0 = 0;
  1238  014D  1283               	bcf	3,5	;RP0=0, select bank0
  1239  014E  1303               	bcf	3,6	;RP1=0, select bank0
  1240  014F  1009               	bcf	9,0	;volatile
  1241                           
  1242                           ;ESCLAVO1.c: 166:     _delay((unsigned long)((18)*(8000000/4000.0)));
  1243  0150  302F               	movlw	47
  1244  0151  00F1               	movwf	??_servo_1_5+1
  1245  0152  30BF               	movlw	191
  1246  0153  00F0               	movwf	??_servo_1_5
  1247  0154                     u28_27:
  1248  0154  0BF0               	decfsz	??_servo_1_5,f
  1249  0155  2954               	goto	u28_27
  1250  0156  0BF1               	decfsz	??_servo_1_5+1,f
  1251  0157  2954               	goto	u28_27
  1252  0158  2959               	nop2
  1253  0159                     i1l180:
  1254  0159  0008               	return
  1255  015A                     __end_of_servo_1_5:
  1256                           
  1257                           	psect	text6
  1258  015A                     __ptext6:	
  1259 ;; *************** function _servo_1_1 *****************
  1260 ;; Defined at:
  1261 ;;		line 134 in file "ESCLAVO1.c"
  1262 ;; Parameters:    Size  Location     Type
  1263 ;;		None
  1264 ;; Auto vars:     Size  Location     Type
  1265 ;;		None
  1266 ;; Return value:  Size  Location     Type
  1267 ;;                  1    wreg      void 
  1268 ;; Registers used:
  1269 ;;		wreg
  1270 ;; Tracked objects:
  1271 ;;		On entry : 0/0
  1272 ;;		On exit  : 0/0
  1273 ;;		Unchanged: 0/0
  1274 ;; Data sizes:     COMMON   BANK0   BANK1   BANK3   BANK2
  1275 ;;      Params:         0       0       0       0       0
  1276 ;;      Locals:         0       0       0       0       0
  1277 ;;      Temps:          2       0       0       0       0
  1278 ;;      Totals:         2       0       0       0       0
  1279 ;;Total ram usage:        2 bytes
  1280 ;; Hardware stack levels used:    1
  1281 ;; This function calls:
  1282 ;;		Nothing
  1283 ;; This function is called by:
  1284 ;;		_isr
  1285 ;; This function uses a non-reentrant model
  1286 ;;
  1287                           
  1288                           
  1289                           ;psect for function _servo_1_1
  1290  015A                     _servo_1_1:
  1291  015A                     i1l799:	
  1292                           ;incstack = 0
  1293                           ; Regs used in _servo_1_1: [wreg]
  1294                           
  1295                           
  1296                           ;ESCLAVO1.c: 135:     RE0 = 1;
  1297  015A  1283               	bcf	3,5	;RP0=0, select bank0
  1298  015B  1303               	bcf	3,6	;RP1=0, select bank0
  1299  015C  1409               	bsf	9,0	;volatile
  1300  015D                     i1l801:
  1301                           
  1302                           ;ESCLAVO1.c: 136:     _delay((unsigned long)((0.7)*(8000000/4000.0)));
  1303  015D  30C7               	movlw	199
  1304  015E  00F0               	movwf	??_servo_1_1
  1305  015F                     u29_27:
  1306  015F  2960               	nop2
  1307  0160  2961               	nop2
  1308  0161  0BF0               	decfsz	??_servo_1_1,f
  1309  0162  295F               	goto	u29_27
  1310  0163  2964               	nop2
  1311  0164  2965               	nop2
  1312  0165  2966               	nop2
  1313  0166                     i1l803:
  1314                           
  1315                           ;ESCLAVO1.c: 137:     RE0 = 0;
  1316  0166  1283               	bcf	3,5	;RP0=0, select bank0
  1317  0167  1303               	bcf	3,6	;RP1=0, select bank0
  1318  0168  1009               	bcf	9,0	;volatile
  1319                           
  1320                           ;ESCLAVO1.c: 138:     _delay((unsigned long)((19.3)*(8000000/4000.0)));
  1321  0169  3033               	movlw	51
  1322  016A  00F1               	movwf	??_servo_1_1+1
  1323  016B  301F               	movlw	31
  1324  016C  00F0               	movwf	??_servo_1_1
  1325  016D                     u30_27:
  1326  016D  0BF0               	decfsz	??_servo_1_1,f
  1327  016E  296D               	goto	u30_27
  1328  016F  0BF1               	decfsz	??_servo_1_1+1,f
  1329  0170  296D               	goto	u30_27
  1330  0171  2972               	nop2
  1331  0172                     i1l168:
  1332  0172  0008               	return
  1333  0173                     __end_of_servo_1_1:
  1334  007E                     btemp	set	126	;btemp
  1335  007E                     wtemp0	set	126
  1336                           
  1337                           	psect	config
  1338                           
  1339                           ;Config register CONFIG1 @ 0x2007
  1340                           ;	Oscillator Selection bits
  1341                           ;	FOSC = INTRC_NOCLKOUT, INTOSCIO oscillator: I/O function on RA6/OSC2/CLKOUT pin, I/O f
      +                          unction on RA7/OSC1/CLKIN
  1342                           ;	Watchdog Timer Enable bit
  1343                           ;	WDTE = OFF, WDT disabled and can be enabled by SWDTEN bit of the WDTCON register
  1344                           ;	Power-up Timer Enable bit
  1345                           ;	PWRTE = OFF, PWRT disabled
  1346                           ;	RE3/MCLR pin function select bit
  1347                           ;	MCLRE = OFF, RE3/MCLR pin function is digital input, MCLR internally tied to VDD
  1348                           ;	Code Protection bit
  1349                           ;	CP = OFF, Program memory code protection is disabled
  1350                           ;	Data Code Protection bit
  1351                           ;	CPD = OFF, Data memory code protection is disabled
  1352                           ;	Brown Out Reset Selection bits
  1353                           ;	BOREN = OFF, BOR disabled
  1354                           ;	Internal External Switchover bit
  1355                           ;	IESO = OFF, Internal/External Switchover mode is disabled
  1356                           ;	Fail-Safe Clock Monitor Enabled bit
  1357                           ;	FCMEN = OFF, Fail-Safe Clock Monitor is disabled
  1358                           ;	Low Voltage Programming Enable bit
  1359                           ;	LVP = OFF, RB3 pin has digital I/O, HV on MCLR must be used for programming
  1360                           ;	In-Circuit Debugger Mode bit
  1361                           ;	DEBUG = 0x1, unprogrammed default
  1362  2007                     	org	8199
  1363  2007  20D4               	dw	8404
  1364                           
  1365                           ;Config register CONFIG2 @ 0x2008
  1366                           ;	Brown-out Reset Selection bit
  1367                           ;	BOR4V = BOR40V, Brown-out Reset set to 4.0V
  1368                           ;	Flash Program Memory Self Write Enable bits
  1369                           ;	WRT = OFF, Write protection off
  1370  2008                     	org	8200
  1371  2008  3FFF               	dw	16383

Data Sizes:
    Strings     0
    Constant    0
    Data        0
    BSS         4
    Persistent  0
    Stack       0

Auto Spaces:
    Space          Size  Autos    Used
    COMMON           14      7      11
    BANK0            80      6       6
    BANK1            80      0       0
    BANK3            96      0       0
    BANK2            96      0       0

Pointer List with Targets:

    None.

Critical Paths under _main in COMMON

    None.

Critical Paths under _isr in COMMON

    _isr->_servo_1_1
    _isr->_servo_1_5

Critical Paths under _main in BANK0

    _main->_infrared
    _setup->_I2C_Slave_Init

Critical Paths under _isr in BANK0

    None.

Critical Paths under _main in BANK1

    None.

Critical Paths under _isr in BANK1

    None.

Critical Paths under _main in BANK3

    None.

Critical Paths under _isr in BANK3

    None.

Critical Paths under _main in BANK2

    None.

Critical Paths under _isr in BANK2

    None.

Call Graph Tables:

 ---------------------------------------------------------------------------------
 (Depth) Function   	        Calls       Base Space   Used Autos Params    Refs
 ---------------------------------------------------------------------------------
 (0) _main                                                 3     3      0      31
                                              3 BANK0      3     3      0
                           _infrared
                              _setup
 ---------------------------------------------------------------------------------
 (1) _setup                                                0     0      0      31
                     _I2C_Slave_Init
 ---------------------------------------------------------------------------------
 (2) _I2C_Slave_Init                                       1     1      0      31
                                              0 BANK0      1     1      0
 ---------------------------------------------------------------------------------
 (1) _infrared                                             3     3      0       0
                                              0 BANK0      3     3      0
 ---------------------------------------------------------------------------------
 Estimated maximum stack depth 2
 ---------------------------------------------------------------------------------
 (Depth) Function   	        Calls       Base Space   Used Autos Params    Refs
 ---------------------------------------------------------------------------------
 (3) _isr                                                  5     5      0       0
                                              2 COMMON     5     5      0
                          _servo_1_1
                          _servo_1_5
 ---------------------------------------------------------------------------------
 (4) _servo_1_5                                            2     2      0       0
                                              0 COMMON     2     2      0
 ---------------------------------------------------------------------------------
 (4) _servo_1_1                                            2     2      0       0
                                              0 COMMON     2     2      0
 ---------------------------------------------------------------------------------
 Estimated maximum stack depth 4
 ---------------------------------------------------------------------------------

 Call Graph Graphs:

 _main (ROOT)
   _infrared
   _setup
     _I2C_Slave_Init

 _isr (ROOT)
   _servo_1_1
   _servo_1_5

 Address spaces:
Name               Size   Autos  Total    Cost      Usage
BITCOMMON            E      0       0       0        0.0%
EEDATA             100      0       0       0        0.0%
NULL                 0      0       0       0        0.0%
CODE                 0      0       0       0        0.0%
COMMON               E      7       B       1       78.6%
BITSFR0              0      0       0       1        0.0%
SFR0                 0      0       0       1        0.0%
BITSFR1              0      0       0       2        0.0%
SFR1                 0      0       0       2        0.0%
STACK                0      0       0       2        0.0%
ABS                  0      0      11       3        0.0%
BITBANK0            50      0       0       4        0.0%
BITSFR3              0      0       0       4        0.0%
SFR3                 0      0       0       4        0.0%
BANK0               50      6       6       5        7.5%
BITSFR2              0      0       0       5        0.0%
SFR2                 0      0       0       5        0.0%
BITBANK1            50      0       0       6        0.0%
BANK1               50      0       0       7        0.0%
BITBANK3            60      0       0       8        0.0%
BANK3               60      0       0       9        0.0%
BITBANK2            60      0       0      10        0.0%
BANK2               60      0       0      11        0.0%
DATA                 0      0      11      12        0.0%


Microchip Technology PIC Macro Assembler V2.31 build 20201012212115 
Symbol Table                                                                                   Sun Aug 29 19:21:33 2021

                      _C 007A              _SSPSTATbits 0094                       _BF 04A0  
                     l55 0140                      l162 00FF                      l165 0104  
                    l183 00E1                      _GIE 005F                      _RA0 0028  
                    _RB1 0031                      _RE0 0048                      _RB7 0037  
                    u207 0116                      u217 00F1                      u180 00E8  
                    u181 00E7                      u190 0103                      u191 0102  
                    _isr 0017                     l1101 00CE                     l1111 00D8  
                   l1103 00CF                     l1121 00DF                     l1113 00D9  
                   l1105 00D0                     l1051 00FA                     l1043 00E2  
                   l1123 00E0                     l1115 00DA                     l1107 00D6  
                   l1053 0103                     l1045 00E8                     l1061 0128  
                   l1117 00DD                     l1109 00D7                     l1125 0105  
                   l1047 00E9                     l1071 013A                     l1063 0136  
                   l1119 00DE                     l1127 010A                     l1049 00F7  
                   l1073 013D                     l1065 0137                     l1081 00C2  
                   l1129 010E                     l1067 0138                     l1091 00C8  
                   l1083 00C4                     l1075 00BA                     l1069 0139  
                   l1093 00C9                     l1085 00C5                     l1077 00BE  
                   l1095 00CB                     l1087 00C6                     l1079 00C1  
                   l1097 00CC                     l1089 00C7                     l1099 00CD  
                   ?_isr 0070                     _CONT 0077                     _PEIE 005E  
                   _RBIF 0058                     _WPUB 0095                     u7_20 001D  
                   u7_21 001C                     u8_20 0022                     u8_21 0021  
                   u9_20 0026                     u9_21 0025                     _main 0105  
                   btemp 007E                     start 000C                    ??_isr 0072  
                  ?_main 0070                    _ANSEL 0188                    i1l140 005A  
                  i1l141 0048                    i1l151 00B3                    i1l144 008C  
                  i1l136 008F                    i1l146 0086                    i1l180 0159  
                  i1l168 0172                    i1l801 015D                    i1l803 0166  
                  i1l911 0022                    i1l921 002D                    i1l913 0026  
                  i1l931 0047                    i1l923 0033                    i1l915 002A  
                  i1l907 0017                    i1l941 0080                    i1l933 004E  
                  i1l925 0037                    i1l917 002B                    i1l909 001D  
                  i1l951 00AE                    i1l943 0093                    i1l935 005E  
                  i1l927 0042                    i1l919 002C                    i1l793 0141  
                  i1l945 0097                    i1l953 00B2                    i1l937 0062  
                  i1l929 0044                    i1l795 0144                    i1l947 009C  
                  i1l939 0068                    i1l797 014D                    i1l949 00A9  
                  i1l799 015A                    u10_20 0033                    u10_21 0032  
                  u11_20 0037                    u11_21 0036                    u12_20 004E  
                  u12_21 004D                    u13_20 005E                    u13_21 005D  
                  u14_20 0062                    u14_21 0061                    u30_27 016D  
                  u22_27 0039                    u15_20 008C                    u15_21 008B  
                  u23_27 0056                    u16_20 0093                    u16_21 0092  
                  u24_27 0075                    u17_20 0097                    u17_21 0096  
                  u25_27 0083                    u26_27 00A2                    _PORTA 0005  
                  _PORTB 0006                    _PORTC 0007                    _PORTD 0008  
                  _PORTE 0009                    u27_27 0148                    u28_27 0154  
                  u29_27 015F                    _TRISD 0088                    _SSPIE 0463  
                  _SSPIF 0063                    _infra 0079                    _setup 00BA  
                  pclath 000A                    status 0003                    wtemp0 007E  
        __initialization 000F             __end_of_main 0125                   ??_main 0023  
                 ?_setup 0070                   _ANSELH 0189                   _SSPADD 0093  
                 _TRISA0 0428                   _TRISB1 0431                   _TRISC3 043B  
                 _TRISA7 042F                   _TRISC4 043C                   _TRISE0 0448  
                 _SSPCON 0014                   _SSPBUF 0013         __end_of_infrared 0105  
                 saved_w 007E  __end_of__initialization 0013           __pcstackCOMMON 0070  
__size_of_I2C_Slave_Init 001C            __end_of_setup 00E2           _OPTION_REGbits 0081  
                ??_setup 0021    I2C_Slave_Init@address 0020               __pmaintext 0105  
             __pintentry 0004       __size_of_servo_1_1 0019       __size_of_servo_1_5 0019  
                _SSPCON2 0091                  _SSPSTAT 0094                ?_infrared 0070  
                __ptext1 00BA                  __ptext2 0125                  __ptext3 00E2  
                __ptext4 0017                  __ptext5 0141                  __ptext6 015A  
           __size_of_isr 00A3                  _quetzal 0078     end_of_initialization 0013  
             ??_infrared 0020        __end_of_servo_1_1 0173        __end_of_servo_1_5 015A  
         _I2C_Slave_Init 0125                _TRISBbits 0086                _TRISCbits 0087  
 __end_of_I2C_Slave_Init 0141      start_initialization 000F              __end_of_isr 00BA  
        ?_I2C_Slave_Init 0070              __pbssCOMMON 0077                ___latbits 0002  
          __pcstackBANK0 0020        __size_of_infrared 0023           __size_of_setup 0028  
      interrupt_function 0004                 _IOCBbits 0096                 _PIR1bits 000C  
              _servo_1_1 015A                _servo_1_5 0141               ?_servo_1_1 0070  
             ?_servo_1_5 0070         ??_I2C_Slave_Init 0020                 _infrared 00E2  
          __size_of_main 0020               _INTCONbits 000B                 intlevel1 0000  
             _OSCCONbits 008F              ??_servo_1_1 0070              ??_servo_1_5 0070  
            _SSPCON2bits 0091               _SSPCONbits 0014  
