

Microchip MPLAB XC8 Assembler V2.31 build 20201012212115 
                                                                                               Tue Aug 24 23:37:49 2021

Microchip MPLAB XC8 C Compiler v2.31 (Free license) build 20201012212115 Og1 
     1                           	processor	16F887
     2                           	pagewidth 120
     3                           	opt	flic
     4                           	psect	cinit,global,class=CODE,merge=1,delta=2
     5                           	psect	bssBANK0,global,class=BANK0,space=1,delta=1,noexec
     6                           	psect	cstackCOMMON,global,class=COMMON,space=1,delta=1,noexec
     7                           	psect	cstackBANK0,global,class=BANK0,space=1,delta=1,noexec
     8                           	psect	maintext,global,class=CODE,split=1,delta=2
     9                           	psect	text1,local,class=CODE,merge=1,delta=2
    10                           	psect	text2,local,class=CODE,merge=1,delta=2
    11                           	psect	text3,local,class=CODE,merge=1,delta=2,group=1
    12                           	psect	text4,local,class=CODE,merge=1,delta=2
    13                           	psect	text5,local,class=CODE,merge=1,delta=2
    14                           	psect	text6,local,class=CODE,merge=1,delta=2
    15                           	psect	text7,local,class=CODE,merge=1,delta=2
    16                           	psect	text8,local,class=CODE,merge=1,delta=2
    17                           	psect	config,global,abs,ovrld,class=CONFIG,space=4,delta=2,noexec
    18                           	dabs	1,0x7E,2
    19  0000                     
    20                           ; Version 2.20
    21                           ; Generated 12/02/2020 GMT
    22                           ; 
    23                           ; Copyright © 2020, Microchip Technology Inc. and its subsidiaries ("Microchip")
    24                           ; All rights reserved.
    25                           ; 
    26                           ; This software is developed by Microchip Technology Inc. and its subsidiaries ("Microch
      +                          ip").
    27                           ; 
    28                           ; Redistribution and use in source and binary forms, with or without modification, are
    29                           ; permitted provided that the following conditions are met:
    30                           ; 
    31                           ;     1. Redistributions of source code must retain the above copyright notice, this lis
      +                          t of
    32                           ;        conditions and the following disclaimer.
    33                           ; 
    34                           ;     2. Redistributions in binary form must reproduce the above copyright notice, this 
      +                          list
    35                           ;        of conditions and the following disclaimer in the documentation and/or other
    36                           ;        materials provided with the distribution.
    37                           ; 
    38                           ;     3. Microchip's name may not be used to endorse or promote products derived from th
      +                          is
    39                           ;        software without specific prior written permission.
    40                           ; 
    41                           ; THIS SOFTWARE IS PROVIDED BY MICROCHIP "AS IS" AND ANY EXPRESS OR IMPLIED WARRANTIES,
    42                           ; INCLUDING, BUT NOT LIMITED TO, THE IMPLIED WARRANTIES OF MERCHANTABILITY AND FITNESS F
      +                          OR
    43                           ; PURPOSE ARE DISCLAIMED.  IN NO EVENT SHALL MICROCHIP BE LIABLE FOR ANY DIRECT, INDIREC
      +                          T,
    44                           ; INCIDENTAL, SPECIAL, EXEMPLARY, OR CONSEQUENTIAL DAMAGES (INCLUDING BUT NOT LIMITED TO
    45                           ; PROCUREMENT OF SUBSTITUTE GOODS OR SERVICES; LOSS OF USE, DATA OR PROFITS; OR BUSINESS
    46                           ; INTERRUPTION) HOWSOEVER CAUSED AND ON ANY THEORY OF LIABILITY, WHETHER IN CONTRACT, ST
      +                          RICT
    47                           ; LIABILITY, OR TORT (INCLUDING NEGLIGENCE OR OTHERWISE) ARISING IN ANY WAY OUT OF THE U
      +                          SE OF
    48                           ; THIS SOFTWARE, EVEN IF ADVISED OF THE POSSIBILITY OF SUCH DAMAGE.
    49                           ; 
    50                           ; 
    51                           ; Code-generator required, PIC16F887 Definitions
    52                           ; 
    53                           ; SFR Addresses
    54  0000                     	;# 
    55  0001                     	;# 
    56  0002                     	;# 
    57  0003                     	;# 
    58  0004                     	;# 
    59  0005                     	;# 
    60  0006                     	;# 
    61  0007                     	;# 
    62  0008                     	;# 
    63  0009                     	;# 
    64  000A                     	;# 
    65  000B                     	;# 
    66  000C                     	;# 
    67  000D                     	;# 
    68  000E                     	;# 
    69  000E                     	;# 
    70  000F                     	;# 
    71  0010                     	;# 
    72  0011                     	;# 
    73  0012                     	;# 
    74  0013                     	;# 
    75  0014                     	;# 
    76  0015                     	;# 
    77  0015                     	;# 
    78  0016                     	;# 
    79  0017                     	;# 
    80  0018                     	;# 
    81  0019                     	;# 
    82  001A                     	;# 
    83  001B                     	;# 
    84  001B                     	;# 
    85  001C                     	;# 
    86  001D                     	;# 
    87  001E                     	;# 
    88  001F                     	;# 
    89  0081                     	;# 
    90  0085                     	;# 
    91  0086                     	;# 
    92  0087                     	;# 
    93  0088                     	;# 
    94  0089                     	;# 
    95  008C                     	;# 
    96  008D                     	;# 
    97  008E                     	;# 
    98  008F                     	;# 
    99  0090                     	;# 
   100  0091                     	;# 
   101  0092                     	;# 
   102  0093                     	;# 
   103  0093                     	;# 
   104  0093                     	;# 
   105  0094                     	;# 
   106  0095                     	;# 
   107  0096                     	;# 
   108  0097                     	;# 
   109  0098                     	;# 
   110  0099                     	;# 
   111  009A                     	;# 
   112  009B                     	;# 
   113  009C                     	;# 
   114  009D                     	;# 
   115  009E                     	;# 
   116  009F                     	;# 
   117  0105                     	;# 
   118  0107                     	;# 
   119  0108                     	;# 
   120  0109                     	;# 
   121  010C                     	;# 
   122  010C                     	;# 
   123  010D                     	;# 
   124  010E                     	;# 
   125  010F                     	;# 
   126  0185                     	;# 
   127  0187                     	;# 
   128  0188                     	;# 
   129  0189                     	;# 
   130  018C                     	;# 
   131  018D                     	;# 
   132  0000                     	;# 
   133  0001                     	;# 
   134  0002                     	;# 
   135  0003                     	;# 
   136  0004                     	;# 
   137  0005                     	;# 
   138  0006                     	;# 
   139  0007                     	;# 
   140  0008                     	;# 
   141  0009                     	;# 
   142  000A                     	;# 
   143  000B                     	;# 
   144  000C                     	;# 
   145  000D                     	;# 
   146  000E                     	;# 
   147  000E                     	;# 
   148  000F                     	;# 
   149  0010                     	;# 
   150  0011                     	;# 
   151  0012                     	;# 
   152  0013                     	;# 
   153  0014                     	;# 
   154  0015                     	;# 
   155  0015                     	;# 
   156  0016                     	;# 
   157  0017                     	;# 
   158  0018                     	;# 
   159  0019                     	;# 
   160  001A                     	;# 
   161  001B                     	;# 
   162  001B                     	;# 
   163  001C                     	;# 
   164  001D                     	;# 
   165  001E                     	;# 
   166  001F                     	;# 
   167  0081                     	;# 
   168  0085                     	;# 
   169  0086                     	;# 
   170  0087                     	;# 
   171  0088                     	;# 
   172  0089                     	;# 
   173  008C                     	;# 
   174  008D                     	;# 
   175  008E                     	;# 
   176  008F                     	;# 
   177  0090                     	;# 
   178  0091                     	;# 
   179  0092                     	;# 
   180  0093                     	;# 
   181  0093                     	;# 
   182  0093                     	;# 
   183  0094                     	;# 
   184  0095                     	;# 
   185  0096                     	;# 
   186  0097                     	;# 
   187  0098                     	;# 
   188  0099                     	;# 
   189  009A                     	;# 
   190  009B                     	;# 
   191  009C                     	;# 
   192  009D                     	;# 
   193  009E                     	;# 
   194  009F                     	;# 
   195  0105                     	;# 
   196  0107                     	;# 
   197  0108                     	;# 
   198  0109                     	;# 
   199  010C                     	;# 
   200  010C                     	;# 
   201  010D                     	;# 
   202  010E                     	;# 
   203  010F                     	;# 
   204  0185                     	;# 
   205  0187                     	;# 
   206  0188                     	;# 
   207  0189                     	;# 
   208  018C                     	;# 
   209  018D                     	;# 
   210  0000                     	;# 
   211  0001                     	;# 
   212  0002                     	;# 
   213  0003                     	;# 
   214  0004                     	;# 
   215  0005                     	;# 
   216  0006                     	;# 
   217  0007                     	;# 
   218  0008                     	;# 
   219  0009                     	;# 
   220  000A                     	;# 
   221  000B                     	;# 
   222  000C                     	;# 
   223  000D                     	;# 
   224  000E                     	;# 
   225  000E                     	;# 
   226  000F                     	;# 
   227  0010                     	;# 
   228  0011                     	;# 
   229  0012                     	;# 
   230  0013                     	;# 
   231  0014                     	;# 
   232  0015                     	;# 
   233  0015                     	;# 
   234  0016                     	;# 
   235  0017                     	;# 
   236  0018                     	;# 
   237  0019                     	;# 
   238  001A                     	;# 
   239  001B                     	;# 
   240  001B                     	;# 
   241  001C                     	;# 
   242  001D                     	;# 
   243  001E                     	;# 
   244  001F                     	;# 
   245  0081                     	;# 
   246  0085                     	;# 
   247  0086                     	;# 
   248  0087                     	;# 
   249  0088                     	;# 
   250  0089                     	;# 
   251  008C                     	;# 
   252  008D                     	;# 
   253  008E                     	;# 
   254  008F                     	;# 
   255  0090                     	;# 
   256  0091                     	;# 
   257  0092                     	;# 
   258  0093                     	;# 
   259  0093                     	;# 
   260  0093                     	;# 
   261  0094                     	;# 
   262  0095                     	;# 
   263  0096                     	;# 
   264  0097                     	;# 
   265  0098                     	;# 
   266  0099                     	;# 
   267  009A                     	;# 
   268  009B                     	;# 
   269  009C                     	;# 
   270  009D                     	;# 
   271  009E                     	;# 
   272  009F                     	;# 
   273  0105                     	;# 
   274  0107                     	;# 
   275  0108                     	;# 
   276  0109                     	;# 
   277  010C                     	;# 
   278  010C                     	;# 
   279  010D                     	;# 
   280  010E                     	;# 
   281  010F                     	;# 
   282  0185                     	;# 
   283  0187                     	;# 
   284  0188                     	;# 
   285  0189                     	;# 
   286  018C                     	;# 
   287  018D                     	;# 
   288  0008                     _PORTD	set	8
   289  0006                     _PORTB	set	6
   290  0005                     _PORTA	set	5
   291  0013                     _SSPBUF	set	19
   292  0014                     _SSPCON	set	20
   293  0063                     _SSPIF	set	99
   294  005E                     _PEIE	set	94
   295  005F                     _GIE	set	95
   296  008F                     _OSCCONbits	set	143
   297  0088                     _TRISD	set	136
   298  0085                     _TRISA	set	133
   299  0086                     _TRISB	set	134
   300  0091                     _SSPCON2bits	set	145
   301  0087                     _TRISCbits	set	135
   302  0094                     _SSPSTAT	set	148
   303  0093                     _SSPADD	set	147
   304  0091                     _SSPCON2	set	145
   305  0463                     _SSPIE	set	1123
   306  043C                     _TRISC4	set	1084
   307  043B                     _TRISC3	set	1083
   308  0189                     _ANSELH	set	393
   309  0188                     _ANSEL	set	392
   310                           
   311                           	psect	cinit
   312  07F3                     start_initialization:	
   313                           ; #config settings
   314                           
   315  07F3                     __initialization:
   316                           
   317                           ; Clear objects allocated to BANK0
   318  07F3  1283               	bcf	3,5	;RP0=0, select bank0
   319  07F4  1303               	bcf	3,6	;RP1=0, select bank0
   320  07F5  01AB               	clrf	__pbssBANK0& (0+127)
   321  07F6  01AC               	clrf	(__pbssBANK0+1)& (0+127)
   322  07F7  01AD               	clrf	(__pbssBANK0+2)& (0+127)
   323  07F8  01AE               	clrf	(__pbssBANK0+3)& (0+127)
   324  07F9  01AF               	clrf	(__pbssBANK0+4)& (0+127)
   325  07FA  01B0               	clrf	(__pbssBANK0+5)& (0+127)
   326  07FB  01B1               	clrf	(__pbssBANK0+6)& (0+127)
   327  07FC                     end_of_initialization:	
   328                           ;End of C runtime variable initialization code
   329                           
   330  07FC                     __end_of__initialization:
   331  07FC  0183               	clrf	3
   332  07FD  120A  118A  2F52   	ljmp	_main	;jump to C main() function
   333                           
   334                           	psect	bssBANK0
   335  002B                     __pbssBANK0:
   336  002B                     _temp:
   337  002B                     	ds	2
   338  002D                     _centenas:
   339  002D                     	ds	1
   340  002E                     _decenas:
   341  002E                     	ds	1
   342  002F                     _unidades:
   343  002F                     	ds	1
   344  0030                     _POT:
   345  0030                     	ds	1
   346  0031                     _CONT:
   347  0031                     	ds	1
   348                           
   349                           	psect	cstackCOMMON
   350  0070                     __pcstackCOMMON:
   351  0070                     ?_setup:
   352  0070                     ?_I2C_Master_Wait:	
   353                           ; 1 bytes @ 0x0
   354                           
   355  0070                     ??_I2C_Master_Wait:	
   356                           ; 1 bytes @ 0x0
   357                           
   358  0070                     ?_I2C_Master_Start:	
   359                           ; 1 bytes @ 0x0
   360                           
   361  0070                     ??_I2C_Master_Start:	
   362                           ; 1 bytes @ 0x0
   363                           
   364  0070                     ?_I2C_Master_Stop:	
   365                           ; 1 bytes @ 0x0
   366                           
   367  0070                     ??_I2C_Master_Stop:	
   368                           ; 1 bytes @ 0x0
   369                           
   370  0070                     ?_I2C_Master_Write:	
   371                           ; 1 bytes @ 0x0
   372                           
   373  0070                     ?_main:	
   374                           ; 1 bytes @ 0x0
   375                           
   376  0070                     ?_I2C_Master_Read:	
   377                           ; 1 bytes @ 0x0
   378                           
   379  0070                     ?___lldiv:	
   380                           ; 2 bytes @ 0x0
   381                           
   382  0070                     I2C_Master_Write@d:	
   383                           ; 4 bytes @ 0x0
   384                           
   385  0070                     I2C_Master_Read@a:	
   386                           ; 2 bytes @ 0x0
   387                           
   388  0070                     ___lldiv@divisor:	
   389                           ; 2 bytes @ 0x0
   390                           
   391                           
   392                           ; 4 bytes @ 0x0
   393  0070                     	ds	2
   394  0072                     ??_I2C_Master_Write:
   395  0072                     ??_I2C_Master_Read:	
   396                           ; 1 bytes @ 0x2
   397                           
   398                           
   399                           ; 1 bytes @ 0x2
   400  0072                     	ds	2
   401  0074                     I2C_Master_Read@temp:
   402  0074                     ___lldiv@dividend:	
   403                           ; 2 bytes @ 0x4
   404                           
   405                           
   406                           ; 4 bytes @ 0x4
   407  0074                     	ds	4
   408  0078                     ??___lldiv:
   409                           
   410                           ; 1 bytes @ 0x8
   411  0078                     	ds	1
   412  0079                     ___lldiv@quotient:
   413                           
   414                           ; 4 bytes @ 0x9
   415  0079                     	ds	4
   416  007D                     ___lldiv@counter:
   417                           
   418                           ; 1 bytes @ 0xD
   419  007D                     	ds	1
   420  007E                     ??_setup:
   421                           
   422                           	psect	cstackBANK0
   423  0020                     __pcstackBANK0:	
   424                           ; 1 bytes @ 0xE
   425                           
   426  0020                     ?_I2C_Master_Init:
   427  0020                     I2C_Master_Init@c:	
   428                           ; 1 bytes @ 0x0
   429                           
   430                           
   431                           ; 4 bytes @ 0x0
   432  0020                     	ds	4
   433  0024                     ??_I2C_Master_Init:
   434                           
   435                           ; 1 bytes @ 0x4
   436  0024                     	ds	4
   437  0028                     ??_main:
   438                           
   439                           ; 1 bytes @ 0x8
   440  0028                     	ds	3
   441                           
   442                           	psect	maintext
   443  0752                     __pmaintext:	
   444 ;;
   445 ;;Main: autosize = 0, tempsize = 3, incstack = 0, save=0
   446 ;;
   447 ;; *************** function _main *****************
   448 ;; Defined at:
   449 ;;		line 52 in file "MASTER_COLECTOR_MONEDAS.c"
   450 ;; Parameters:    Size  Location     Type
   451 ;;		None
   452 ;; Auto vars:     Size  Location     Type
   453 ;;		None
   454 ;; Return value:  Size  Location     Type
   455 ;;                  1    wreg      void 
   456 ;; Registers used:
   457 ;;		wreg, status,2, status,0, pclath, cstack
   458 ;; Tracked objects:
   459 ;;		On entry : B00/0
   460 ;;		On exit  : 0/0
   461 ;;		Unchanged: 0/0
   462 ;; Data sizes:     COMMON   BANK0   BANK1   BANK3   BANK2
   463 ;;      Params:         0       0       0       0       0
   464 ;;      Locals:         0       0       0       0       0
   465 ;;      Temps:          0       3       0       0       0
   466 ;;      Totals:         0       3       0       0       0
   467 ;;Total ram usage:        3 bytes
   468 ;; Hardware stack levels required when called:    3
   469 ;; This function calls:
   470 ;;		_I2C_Master_Read
   471 ;;		_I2C_Master_Start
   472 ;;		_I2C_Master_Stop
   473 ;;		_I2C_Master_Write
   474 ;;		_setup
   475 ;; This function is called by:
   476 ;;		Startup code after reset
   477 ;; This function uses a non-reentrant model
   478 ;;
   479                           
   480                           
   481                           ;psect for function _main
   482  0752                     _main:
   483  0752                     l906:	
   484                           ;incstack = 0
   485                           ; Regs used in _main: [wreg+status,2+status,0+pclath+cstack]
   486                           
   487                           
   488                           ;MASTER_COLECTOR_MONEDAS.c: 53:     setup();
   489  0752  120A  118A  2662  120A  118A  	fcall	_setup
   490  0757                     l104:	
   491                           ;MASTER_COLECTOR_MONEDAS.c: 54:     while(1){
   492                           
   493                           
   494                           ;MASTER_COLECTOR_MONEDAS.c: 56:         I2C_Master_Start();
   495  0757  120A  118A  2639  120A  118A  	fcall	_I2C_Master_Start
   496                           
   497                           ;MASTER_COLECTOR_MONEDAS.c: 57:         I2C_Master_Write(0x51);
   498  075C  3051               	movlw	81
   499  075D  00F0               	movwf	I2C_Master_Write@d
   500  075E  3000               	movlw	0
   501  075F  00F1               	movwf	I2C_Master_Write@d+1
   502  0760  120A  118A  264B  120A  118A  	fcall	_I2C_Master_Write
   503                           
   504                           ;MASTER_COLECTOR_MONEDAS.c: 58:         POT = I2C_Master_Read(0);
   505  0765  3000               	movlw	0
   506  0766  00F0               	movwf	I2C_Master_Read@a
   507  0767  00F1               	movwf	I2C_Master_Read@a+1
   508  0768  120A  118A  2686  120A  118A  	fcall	_I2C_Master_Read
   509  076D  0870               	movf	?_I2C_Master_Read,w
   510  076E  1283               	bcf	3,5	;RP0=0, select bank0
   511  076F  1303               	bcf	3,6	;RP1=0, select bank0
   512  0770  00A8               	movwf	??_main
   513  0771  0828               	movf	??_main,w
   514  0772  00B0               	movwf	_POT
   515                           
   516                           ;MASTER_COLECTOR_MONEDAS.c: 59:         I2C_Master_Stop();
   517  0773  120A  118A  2642  120A  118A  	fcall	_I2C_Master_Stop
   518  0778                     l908:
   519                           
   520                           ;MASTER_COLECTOR_MONEDAS.c: 60:         _delay((unsigned long)((200)*(8000000/4000.0)));
   521  0778  3003               	movlw	3
   522  0779  1283               	bcf	3,5	;RP0=0, select bank0
   523  077A  1303               	bcf	3,6	;RP1=0, select bank0
   524  077B  00AA               	movwf	??_main+2
   525  077C  3008               	movlw	8
   526  077D  00A9               	movwf	??_main+1
   527  077E  3076               	movlw	118
   528  077F  00A8               	movwf	??_main
   529  0780                     u237:
   530  0780  0BA8               	decfsz	??_main,f
   531  0781  2F80               	goto	u237
   532  0782  0BA9               	decfsz	??_main+1,f
   533  0783  2F80               	goto	u237
   534  0784  0BAA               	decfsz	??_main+2,f
   535  0785  2F80               	goto	u237
   536  0786  0000               	nop
   537  0787                     l910:
   538                           
   539                           ;MASTER_COLECTOR_MONEDAS.c: 62:         I2C_Master_Start();
   540  0787  120A  118A  2639  120A  118A  	fcall	_I2C_Master_Start
   541  078C                     l912:
   542                           
   543                           ;MASTER_COLECTOR_MONEDAS.c: 63:         I2C_Master_Write(0x61);
   544  078C  3061               	movlw	97
   545  078D  00F0               	movwf	I2C_Master_Write@d
   546  078E  3000               	movlw	0
   547  078F  00F1               	movwf	I2C_Master_Write@d+1
   548  0790  120A  118A  264B  120A  118A  	fcall	_I2C_Master_Write
   549  0795                     l914:
   550                           
   551                           ;MASTER_COLECTOR_MONEDAS.c: 64:         CONT = I2C_Master_Read(0);
   552  0795  3000               	movlw	0
   553  0796  00F0               	movwf	I2C_Master_Read@a
   554  0797  00F1               	movwf	I2C_Master_Read@a+1
   555  0798  120A  118A  2686  120A  118A  	fcall	_I2C_Master_Read
   556  079D  0870               	movf	?_I2C_Master_Read,w
   557  079E  1283               	bcf	3,5	;RP0=0, select bank0
   558  079F  1303               	bcf	3,6	;RP1=0, select bank0
   559  07A0  00A8               	movwf	??_main
   560  07A1  0828               	movf	??_main,w
   561  07A2  00B1               	movwf	_CONT
   562  07A3                     l916:
   563                           
   564                           ;MASTER_COLECTOR_MONEDAS.c: 65:         I2C_Master_Stop();
   565  07A3  120A  118A  2642  120A  118A  	fcall	_I2C_Master_Stop
   566  07A8                     l918:
   567                           
   568                           ;MASTER_COLECTOR_MONEDAS.c: 66:         _delay((unsigned long)((200)*(8000000/4000.0)));
   569  07A8  3003               	movlw	3
   570  07A9  1283               	bcf	3,5	;RP0=0, select bank0
   571  07AA  1303               	bcf	3,6	;RP1=0, select bank0
   572  07AB  00AA               	movwf	??_main+2
   573  07AC  3008               	movlw	8
   574  07AD  00A9               	movwf	??_main+1
   575  07AE  3076               	movlw	118
   576  07AF  00A8               	movwf	??_main
   577  07B0                     u247:
   578  07B0  0BA8               	decfsz	??_main,f
   579  07B1  2FB0               	goto	u247
   580  07B2  0BA9               	decfsz	??_main+1,f
   581  07B3  2FB0               	goto	u247
   582  07B4  0BAA               	decfsz	??_main+2,f
   583  07B5  2FB0               	goto	u247
   584  07B6  0000               	nop
   585                           
   586                           ;MASTER_COLECTOR_MONEDAS.c: 68:         I2C_Master_Start();
   587  07B7  120A  118A  2639  120A  118A  	fcall	_I2C_Master_Start
   588                           
   589                           ;MASTER_COLECTOR_MONEDAS.c: 69:         I2C_Master_Write(0x71);
   590  07BC  3071               	movlw	113
   591  07BD  00F0               	movwf	I2C_Master_Write@d
   592  07BE  3000               	movlw	0
   593  07BF  00F1               	movwf	I2C_Master_Write@d+1
   594  07C0  120A  118A  264B  120A  118A  	fcall	_I2C_Master_Write
   595                           
   596                           ;MASTER_COLECTOR_MONEDAS.c: 70:         temp = I2C_Master_Read(0);
   597  07C5  3000               	movlw	0
   598  07C6  00F0               	movwf	I2C_Master_Read@a
   599  07C7  00F1               	movwf	I2C_Master_Read@a+1
   600  07C8  120A  118A  2686  120A  118A  	fcall	_I2C_Master_Read
   601  07CD  0871               	movf	?_I2C_Master_Read+1,w
   602  07CE  1283               	bcf	3,5	;RP0=0, select bank0
   603  07CF  1303               	bcf	3,6	;RP1=0, select bank0
   604  07D0  00AC               	movwf	_temp+1
   605  07D1  0870               	movf	?_I2C_Master_Read,w
   606  07D2  00AB               	movwf	_temp
   607                           
   608                           ;MASTER_COLECTOR_MONEDAS.c: 71:         I2C_Master_Stop();
   609  07D3  120A  118A  2642  120A  118A  	fcall	_I2C_Master_Stop
   610  07D8                     l920:
   611                           
   612                           ;MASTER_COLECTOR_MONEDAS.c: 72:         _delay((unsigned long)((200)*(8000000/4000.0)));
   613  07D8  3003               	movlw	3
   614  07D9  1283               	bcf	3,5	;RP0=0, select bank0
   615  07DA  1303               	bcf	3,6	;RP1=0, select bank0
   616  07DB  00AA               	movwf	??_main+2
   617  07DC  3008               	movlw	8
   618  07DD  00A9               	movwf	??_main+1
   619  07DE  3076               	movlw	118
   620  07DF  00A8               	movwf	??_main
   621  07E0                     u257:
   622  07E0  0BA8               	decfsz	??_main,f
   623  07E1  2FE0               	goto	u257
   624  07E2  0BA9               	decfsz	??_main+1,f
   625  07E3  2FE0               	goto	u257
   626  07E4  0BAA               	decfsz	??_main+2,f
   627  07E5  2FE0               	goto	u257
   628  07E6  0000               	nop
   629  07E7                     l922:
   630                           
   631                           ;MASTER_COLECTOR_MONEDAS.c: 74:         PORTA = POT;
   632  07E7  1283               	bcf	3,5	;RP0=0, select bank0
   633  07E8  1303               	bcf	3,6	;RP1=0, select bank0
   634  07E9  0830               	movf	_POT,w
   635  07EA  0085               	movwf	5	;volatile
   636  07EB                     l924:
   637                           
   638                           ;MASTER_COLECTOR_MONEDAS.c: 75:         PORTB = CONT;
   639  07EB  0831               	movf	_CONT,w
   640  07EC  0086               	movwf	6	;volatile
   641  07ED                     l926:
   642                           
   643                           ;MASTER_COLECTOR_MONEDAS.c: 76:         PORTD = temp;
   644  07ED  082B               	movf	_temp,w
   645  07EE  0088               	movwf	8	;volatile
   646  07EF  2F57               	goto	l104
   647  07F0  120A  118A  2800   	ljmp	start
   648  07F3                     __end_of_main:
   649                           
   650                           	psect	text1
   651  0662                     __ptext1:	
   652 ;; *************** function _setup *****************
   653 ;; Defined at:
   654 ;;		line 84 in file "MASTER_COLECTOR_MONEDAS.c"
   655 ;; Parameters:    Size  Location     Type
   656 ;;		None
   657 ;; Auto vars:     Size  Location     Type
   658 ;;		None
   659 ;; Return value:  Size  Location     Type
   660 ;;                  1    wreg      void 
   661 ;; Registers used:
   662 ;;		wreg, status,2, status,0, pclath, cstack
   663 ;; Tracked objects:
   664 ;;		On entry : 0/0
   665 ;;		On exit  : 0/0
   666 ;;		Unchanged: 0/0
   667 ;; Data sizes:     COMMON   BANK0   BANK1   BANK3   BANK2
   668 ;;      Params:         0       0       0       0       0
   669 ;;      Locals:         0       0       0       0       0
   670 ;;      Temps:          0       0       0       0       0
   671 ;;      Totals:         0       0       0       0       0
   672 ;;Total ram usage:        0 bytes
   673 ;; Hardware stack levels used:    1
   674 ;; Hardware stack levels required when called:    2
   675 ;; This function calls:
   676 ;;		_I2C_Master_Init
   677 ;; This function is called by:
   678 ;;		_main
   679 ;; This function uses a non-reentrant model
   680 ;;
   681                           
   682                           
   683                           ;psect for function _setup
   684  0662                     _setup:
   685  0662                     l890:	
   686                           ;incstack = 0
   687                           ; Regs used in _setup: [wreg+status,2+status,0+pclath+cstack]
   688                           
   689                           
   690                           ;MASTER_COLECTOR_MONEDAS.c: 85:     ANSEL = 0;
   691  0662  1683               	bsf	3,5	;RP0=1, select bank3
   692  0663  1703               	bsf	3,6	;RP1=1, select bank3
   693  0664  0188               	clrf	8	;volatile
   694                           
   695                           ;MASTER_COLECTOR_MONEDAS.c: 86:     ANSELH = 0;
   696  0665  0189               	clrf	9	;volatile
   697                           
   698                           ;MASTER_COLECTOR_MONEDAS.c: 87:     TRISB = 0;
   699  0666  1683               	bsf	3,5	;RP0=1, select bank1
   700  0667  1303               	bcf	3,6	;RP1=0, select bank1
   701  0668  0186               	clrf	6	;volatile
   702                           
   703                           ;MASTER_COLECTOR_MONEDAS.c: 88:     TRISA = 0;
   704  0669  0185               	clrf	5	;volatile
   705                           
   706                           ;MASTER_COLECTOR_MONEDAS.c: 89:     TRISD = 0;
   707  066A  0188               	clrf	8	;volatile
   708                           
   709                           ;MASTER_COLECTOR_MONEDAS.c: 90:     PORTA = 0;
   710  066B  1283               	bcf	3,5	;RP0=0, select bank0
   711  066C  1303               	bcf	3,6	;RP1=0, select bank0
   712  066D  0185               	clrf	5	;volatile
   713                           
   714                           ;MASTER_COLECTOR_MONEDAS.c: 91:     PORTB = 0;
   715  066E  0186               	clrf	6	;volatile
   716                           
   717                           ;MASTER_COLECTOR_MONEDAS.c: 92:     PORTD = 0;
   718  066F  0188               	clrf	8	;volatile
   719  0670                     l892:
   720                           
   721                           ;MASTER_COLECTOR_MONEDAS.c: 94:     OSCCONbits.IRCF2 = 1;
   722  0670  1683               	bsf	3,5	;RP0=1, select bank1
   723  0671  1303               	bcf	3,6	;RP1=0, select bank1
   724  0672  170F               	bsf	15,6	;volatile
   725  0673                     l894:
   726                           
   727                           ;MASTER_COLECTOR_MONEDAS.c: 95:     OSCCONbits.IRCF1 = 1;
   728  0673  168F               	bsf	15,5	;volatile
   729  0674                     l896:
   730                           
   731                           ;MASTER_COLECTOR_MONEDAS.c: 96:     OSCCONbits.IRCF0 = 1;
   732  0674  160F               	bsf	15,4	;volatile
   733  0675                     l898:
   734                           
   735                           ;MASTER_COLECTOR_MONEDAS.c: 97:     OSCCONbits.SCS = 1;
   736  0675  140F               	bsf	15,0	;volatile
   737  0676                     l900:
   738                           
   739                           ;MASTER_COLECTOR_MONEDAS.c: 98:     I2C_Master_Init(100000);
   740  0676  3000               	movlw	0
   741  0677  1283               	bcf	3,5	;RP0=0, select bank0
   742  0678  1303               	bcf	3,6	;RP1=0, select bank0
   743  0679  00A3               	movwf	I2C_Master_Init@c+3
   744  067A  3001               	movlw	1
   745  067B  00A2               	movwf	I2C_Master_Init@c+2
   746  067C  3086               	movlw	134
   747  067D  00A1               	movwf	I2C_Master_Init@c+1
   748  067E  30A0               	movlw	160
   749  067F  00A0               	movwf	I2C_Master_Init@c
   750  0680  120A  118A  26B4  120A  118A  	fcall	_I2C_Master_Init
   751  0685                     l110:
   752  0685  0008               	return
   753  0686                     __end_of_setup:
   754                           
   755                           	psect	text2
   756  06B4                     __ptext2:	
   757 ;; *************** function _I2C_Master_Init *****************
   758 ;; Defined at:
   759 ;;		line 11 in file "I2C.c"
   760 ;; Parameters:    Size  Location     Type
   761 ;;  c               4    0[BANK0 ] const unsigned long 
   762 ;; Auto vars:     Size  Location     Type
   763 ;;		None
   764 ;; Return value:  Size  Location     Type
   765 ;;                  1    wreg      void 
   766 ;; Registers used:
   767 ;;		wreg, status,2, status,0, pclath, cstack
   768 ;; Tracked objects:
   769 ;;		On entry : 0/0
   770 ;;		On exit  : 0/0
   771 ;;		Unchanged: 0/0
   772 ;; Data sizes:     COMMON   BANK0   BANK1   BANK3   BANK2
   773 ;;      Params:         0       4       0       0       0
   774 ;;      Locals:         0       0       0       0       0
   775 ;;      Temps:          0       4       0       0       0
   776 ;;      Totals:         0       8       0       0       0
   777 ;;Total ram usage:        8 bytes
   778 ;; Hardware stack levels used:    1
   779 ;; Hardware stack levels required when called:    1
   780 ;; This function calls:
   781 ;;		___lldiv
   782 ;; This function is called by:
   783 ;;		_setup
   784 ;; This function uses a non-reentrant model
   785 ;;
   786                           
   787                           
   788                           ;psect for function _I2C_Master_Init
   789  06B4                     _I2C_Master_Init:
   790  06B4                     l846:	
   791                           ;incstack = 0
   792                           ; Regs used in _I2C_Master_Init: [wreg+status,2+status,0+pclath+cstack]
   793                           
   794                           
   795                           ;I2C.c: 11: void I2C_Master_Init(const unsigned long c);I2C.c: 12: {;I2C.c: 13:     SSPC
      +                          ON = 0b00101000;
   796  06B4  3028               	movlw	40
   797  06B5  1283               	bcf	3,5	;RP0=0, select bank0
   798  06B6  1303               	bcf	3,6	;RP1=0, select bank0
   799  06B7  0094               	movwf	20	;volatile
   800  06B8                     l848:
   801                           
   802                           ;I2C.c: 14:     SSPCON2 = 0;
   803  06B8  1683               	bsf	3,5	;RP0=1, select bank1
   804  06B9  1303               	bcf	3,6	;RP1=0, select bank1
   805  06BA  0191               	clrf	17	;volatile
   806  06BB                     l850:
   807                           
   808                           ;I2C.c: 15:     SSPADD = (8000000/(4*c))-1;
   809  06BB  1283               	bcf	3,5	;RP0=0, select bank0
   810  06BC  1303               	bcf	3,6	;RP1=0, select bank0
   811  06BD  0820               	movf	I2C_Master_Init@c,w
   812  06BE  00A4               	movwf	??_I2C_Master_Init
   813  06BF  0821               	movf	I2C_Master_Init@c+1,w
   814  06C0  00A5               	movwf	??_I2C_Master_Init+1
   815  06C1  0822               	movf	I2C_Master_Init@c+2,w
   816  06C2  00A6               	movwf	??_I2C_Master_Init+2
   817  06C3  0823               	movf	I2C_Master_Init@c+3,w
   818  06C4  00A7               	movwf	??_I2C_Master_Init+3
   819  06C5  3002               	movlw	2
   820  06C6                     u195:
   821  06C6  1003               	clrc
   822  06C7  0DA4               	rlf	??_I2C_Master_Init,f
   823  06C8  0DA5               	rlf	??_I2C_Master_Init+1,f
   824  06C9  0DA6               	rlf	??_I2C_Master_Init+2,f
   825  06CA  0DA7               	rlf	??_I2C_Master_Init+3,f
   826  06CB                     u190:
   827  06CB  3EFF               	addlw	-1
   828  06CC  1D03               	skipz
   829  06CD  2EC6               	goto	u195
   830  06CE  0827               	movf	??_I2C_Master_Init+3,w
   831  06CF  00F3               	movwf	___lldiv@divisor+3
   832  06D0  0826               	movf	??_I2C_Master_Init+2,w
   833  06D1  00F2               	movwf	___lldiv@divisor+2
   834  06D2  0825               	movf	??_I2C_Master_Init+1,w
   835  06D3  00F1               	movwf	___lldiv@divisor+1
   836  06D4  0824               	movf	??_I2C_Master_Init,w
   837  06D5  00F0               	movwf	___lldiv@divisor
   838  06D6  3000               	movlw	0
   839  06D7  00F7               	movwf	___lldiv@dividend+3
   840  06D8  307A               	movlw	122
   841  06D9  00F6               	movwf	___lldiv@dividend+2
   842  06DA  3012               	movlw	18
   843  06DB  00F5               	movwf	___lldiv@dividend+1
   844  06DC  3000               	movlw	0
   845  06DD  00F4               	movwf	___lldiv@dividend
   846  06DE  120A  118A  26EC  120A  118A  	fcall	___lldiv
   847  06E3  0870               	movf	?___lldiv,w
   848  06E4  3EFF               	addlw	255
   849  06E5  1683               	bsf	3,5	;RP0=1, select bank1
   850  06E6  1303               	bcf	3,6	;RP1=0, select bank1
   851  06E7  0093               	movwf	19	;volatile
   852  06E8                     l852:
   853                           
   854                           ;I2C.c: 16:     SSPSTAT = 0;
   855  06E8  0194               	clrf	20	;volatile
   856  06E9                     l854:
   857                           
   858                           ;I2C.c: 17:     TRISCbits.TRISC3 = 1;
   859  06E9  1587               	bsf	7,3	;volatile
   860  06EA                     l856:
   861                           
   862                           ;I2C.c: 18:     TRISCbits.TRISC4 = 1;
   863  06EA  1607               	bsf	7,4	;volatile
   864  06EB                     l29:
   865  06EB  0008               	return
   866  06EC                     __end_of_I2C_Master_Init:
   867                           
   868                           	psect	text3
   869  06EC                     __ptext3:	
   870 ;; *************** function ___lldiv *****************
   871 ;; Defined at:
   872 ;;		line 5 in file "C:\Program Files\Microchip\xc8\v2.31\pic\sources\c90\common\__lldiv.c"
   873 ;; Parameters:    Size  Location     Type
   874 ;;  divisor         4    0[COMMON] unsigned long 
   875 ;;  dividend        4    4[COMMON] unsigned long 
   876 ;; Auto vars:     Size  Location     Type
   877 ;;  quotient        4    9[COMMON] unsigned long 
   878 ;;  counter         1   13[COMMON] unsigned char 
   879 ;; Return value:  Size  Location     Type
   880 ;;                  4    0[COMMON] unsigned long 
   881 ;; Registers used:
   882 ;;		wreg, status,2, status,0
   883 ;; Tracked objects:
   884 ;;		On entry : 0/0
   885 ;;		On exit  : 0/0
   886 ;;		Unchanged: 0/0
   887 ;; Data sizes:     COMMON   BANK0   BANK1   BANK3   BANK2
   888 ;;      Params:         8       0       0       0       0
   889 ;;      Locals:         5       0       0       0       0
   890 ;;      Temps:          1       0       0       0       0
   891 ;;      Totals:        14       0       0       0       0
   892 ;;Total ram usage:       14 bytes
   893 ;; Hardware stack levels used:    1
   894 ;; This function calls:
   895 ;;		Nothing
   896 ;; This function is called by:
   897 ;;		_I2C_Master_Init
   898 ;; This function uses a non-reentrant model
   899 ;;
   900                           
   901                           
   902                           ;psect for function ___lldiv
   903  06EC                     ___lldiv:
   904  06EC                     l822:	
   905                           ;incstack = 0
   906                           ; Regs used in ___lldiv: [wreg+status,2+status,0]
   907                           
   908  06EC  3000               	movlw	0
   909  06ED  00FC               	movwf	___lldiv@quotient+3
   910  06EE  3000               	movlw	0
   911  06EF  00FB               	movwf	___lldiv@quotient+2
   912  06F0  3000               	movlw	0
   913  06F1  00FA               	movwf	___lldiv@quotient+1
   914  06F2  3000               	movlw	0
   915  06F3  00F9               	movwf	___lldiv@quotient
   916  06F4  0873               	movf	___lldiv@divisor+3,w
   917  06F5  0472               	iorwf	___lldiv@divisor+2,w
   918  06F6  0471               	iorwf	___lldiv@divisor+1,w
   919  06F7  0470               	iorwf	___lldiv@divisor,w
   920  06F8  1903               	skipnz
   921  06F9  2EFB               	goto	u121
   922  06FA  2EFC               	goto	u120
   923  06FB                     u121:
   924  06FB  2F49               	goto	l842
   925  06FC                     u120:
   926  06FC                     l824:
   927  06FC  01FD               	clrf	___lldiv@counter
   928  06FD  0AFD               	incf	___lldiv@counter,f
   929  06FE  2F0C               	goto	l828
   930  06FF                     l826:
   931  06FF  3001               	movlw	1
   932  0700  00F8               	movwf	??___lldiv
   933  0701                     u135:
   934  0701  1003               	clrc
   935  0702  0DF0               	rlf	___lldiv@divisor,f
   936  0703  0DF1               	rlf	___lldiv@divisor+1,f
   937  0704  0DF2               	rlf	___lldiv@divisor+2,f
   938  0705  0DF3               	rlf	___lldiv@divisor+3,f
   939  0706  0BF8               	decfsz	??___lldiv,f
   940  0707  2F01               	goto	u135
   941  0708  3001               	movlw	1
   942  0709  00F8               	movwf	??___lldiv
   943  070A  0878               	movf	??___lldiv,w
   944  070B  07FD               	addwf	___lldiv@counter,f
   945  070C                     l828:
   946  070C  1FF3               	btfss	___lldiv@divisor+3,7
   947  070D  2F0F               	goto	u141
   948  070E  2F10               	goto	u140
   949  070F                     u141:
   950  070F  2EFF               	goto	l826
   951  0710                     u140:
   952  0710                     l830:
   953  0710  3001               	movlw	1
   954  0711  00F8               	movwf	??___lldiv
   955  0712                     u155:
   956  0712  1003               	clrc
   957  0713  0DF9               	rlf	___lldiv@quotient,f
   958  0714  0DFA               	rlf	___lldiv@quotient+1,f
   959  0715  0DFB               	rlf	___lldiv@quotient+2,f
   960  0716  0DFC               	rlf	___lldiv@quotient+3,f
   961  0717  0BF8               	decfsz	??___lldiv,f
   962  0718  2F12               	goto	u155
   963  0719                     l832:
   964  0719  0873               	movf	___lldiv@divisor+3,w
   965  071A  0277               	subwf	___lldiv@dividend+3,w
   966  071B  1D03               	skipz
   967  071C  2F27               	goto	u165
   968  071D  0872               	movf	___lldiv@divisor+2,w
   969  071E  0276               	subwf	___lldiv@dividend+2,w
   970  071F  1D03               	skipz
   971  0720  2F27               	goto	u165
   972  0721  0871               	movf	___lldiv@divisor+1,w
   973  0722  0275               	subwf	___lldiv@dividend+1,w
   974  0723  1D03               	skipz
   975  0724  2F27               	goto	u165
   976  0725  0870               	movf	___lldiv@divisor,w
   977  0726  0274               	subwf	___lldiv@dividend,w
   978  0727                     u165:
   979  0727  1C03               	skipc
   980  0728  2F2A               	goto	u161
   981  0729  2F2B               	goto	u160
   982  072A                     u161:
   983  072A  2F3A               	goto	l838
   984  072B                     u160:
   985  072B                     l834:
   986  072B  0870               	movf	___lldiv@divisor,w
   987  072C  02F4               	subwf	___lldiv@dividend,f
   988  072D  0871               	movf	___lldiv@divisor+1,w
   989  072E  1C03               	skipc
   990  072F  0F71               	incfsz	___lldiv@divisor+1,w
   991  0730  02F5               	subwf	___lldiv@dividend+1,f
   992  0731  0872               	movf	___lldiv@divisor+2,w
   993  0732  1C03               	skipc
   994  0733  0F72               	incfsz	___lldiv@divisor+2,w
   995  0734  02F6               	subwf	___lldiv@dividend+2,f
   996  0735  0873               	movf	___lldiv@divisor+3,w
   997  0736  1C03               	skipc
   998  0737  0F73               	incfsz	___lldiv@divisor+3,w
   999  0738  02F7               	subwf	___lldiv@dividend+3,f
  1000  0739                     l836:
  1001  0739  1479               	bsf	___lldiv@quotient,0
  1002  073A                     l838:
  1003  073A  3001               	movlw	1
  1004  073B                     u175:
  1005  073B  1003               	clrc
  1006  073C  0CF3               	rrf	___lldiv@divisor+3,f
  1007  073D  0CF2               	rrf	___lldiv@divisor+2,f
  1008  073E  0CF1               	rrf	___lldiv@divisor+1,f
  1009  073F  0CF0               	rrf	___lldiv@divisor,f
  1010  0740  3EFF               	addlw	-1
  1011  0741  1D03               	skipz
  1012  0742  2F3B               	goto	u175
  1013  0743                     l840:
  1014  0743  3001               	movlw	1
  1015  0744  02FD               	subwf	___lldiv@counter,f
  1016  0745  1D03               	btfss	3,2
  1017  0746  2F48               	goto	u181
  1018  0747  2F49               	goto	u180
  1019  0748                     u181:
  1020  0748  2F10               	goto	l830
  1021  0749                     u180:
  1022  0749                     l842:
  1023  0749  087C               	movf	___lldiv@quotient+3,w
  1024  074A  00F3               	movwf	?___lldiv+3
  1025  074B  087B               	movf	___lldiv@quotient+2,w
  1026  074C  00F2               	movwf	?___lldiv+2
  1027  074D  087A               	movf	___lldiv@quotient+1,w
  1028  074E  00F1               	movwf	?___lldiv+1
  1029  074F  0879               	movf	___lldiv@quotient,w
  1030  0750  00F0               	movwf	?___lldiv
  1031  0751                     l232:
  1032  0751  0008               	return
  1033  0752                     __end_of___lldiv:
  1034                           
  1035                           	psect	text4
  1036  064B                     __ptext4:	
  1037 ;; *************** function _I2C_Master_Write *****************
  1038 ;; Defined at:
  1039 ;;		line 60 in file "I2C.c"
  1040 ;; Parameters:    Size  Location     Type
  1041 ;;  d               2    0[COMMON] unsigned int 
  1042 ;; Auto vars:     Size  Location     Type
  1043 ;;		None
  1044 ;; Return value:  Size  Location     Type
  1045 ;;                  1    wreg      void 
  1046 ;; Registers used:
  1047 ;;		wreg, status,2, status,0, pclath, cstack
  1048 ;; Tracked objects:
  1049 ;;		On entry : 0/0
  1050 ;;		On exit  : 0/0
  1051 ;;		Unchanged: 0/0
  1052 ;; Data sizes:     COMMON   BANK0   BANK1   BANK3   BANK2
  1053 ;;      Params:         2       0       0       0       0
  1054 ;;      Locals:         0       0       0       0       0
  1055 ;;      Temps:          0       0       0       0       0
  1056 ;;      Totals:         2       0       0       0       0
  1057 ;;Total ram usage:        2 bytes
  1058 ;; Hardware stack levels used:    1
  1059 ;; Hardware stack levels required when called:    1
  1060 ;; This function calls:
  1061 ;;		_I2C_Master_Wait
  1062 ;; This function is called by:
  1063 ;;		_main
  1064 ;; This function uses a non-reentrant model
  1065 ;;
  1066                           
  1067                           
  1068                           ;psect for function _I2C_Master_Write
  1069  064B                     _I2C_Master_Write:
  1070  064B                     l870:	
  1071                           ;incstack = 0
  1072                           ; Regs used in _I2C_Master_Write: [wreg+status,2+status,0+pclath+cstack]
  1073                           
  1074                           
  1075                           ;I2C.c: 60: void I2C_Master_Write(unsigned d);I2C.c: 61: {;I2C.c: 62:     I2C_Master_Wai
      +                          t();
  1076  064B  120A  118A  2655  120A  118A  	fcall	_I2C_Master_Wait
  1077  0650                     l872:
  1078                           
  1079                           ;I2C.c: 63:     SSPBUF = d;
  1080  0650  0870               	movf	I2C_Master_Write@d,w
  1081  0651  1283               	bcf	3,5	;RP0=0, select bank0
  1082  0652  1303               	bcf	3,6	;RP1=0, select bank0
  1083  0653  0093               	movwf	19	;volatile
  1084  0654                     l47:
  1085  0654  0008               	return
  1086  0655                     __end_of_I2C_Master_Write:
  1087                           
  1088                           	psect	text5
  1089  0642                     __ptext5:	
  1090 ;; *************** function _I2C_Master_Stop *****************
  1091 ;; Defined at:
  1092 ;;		line 50 in file "I2C.c"
  1093 ;; Parameters:    Size  Location     Type
  1094 ;;		None
  1095 ;; Auto vars:     Size  Location     Type
  1096 ;;		None
  1097 ;; Return value:  Size  Location     Type
  1098 ;;                  1    wreg      void 
  1099 ;; Registers used:
  1100 ;;		wreg, status,2, status,0, pclath, cstack
  1101 ;; Tracked objects:
  1102 ;;		On entry : 0/0
  1103 ;;		On exit  : 0/0
  1104 ;;		Unchanged: 0/0
  1105 ;; Data sizes:     COMMON   BANK0   BANK1   BANK3   BANK2
  1106 ;;      Params:         0       0       0       0       0
  1107 ;;      Locals:         0       0       0       0       0
  1108 ;;      Temps:          0       0       0       0       0
  1109 ;;      Totals:         0       0       0       0       0
  1110 ;;Total ram usage:        0 bytes
  1111 ;; Hardware stack levels used:    1
  1112 ;; Hardware stack levels required when called:    1
  1113 ;; This function calls:
  1114 ;;		_I2C_Master_Wait
  1115 ;; This function is called by:
  1116 ;;		_main
  1117 ;; This function uses a non-reentrant model
  1118 ;;
  1119                           
  1120                           
  1121                           ;psect for function _I2C_Master_Stop
  1122  0642                     _I2C_Master_Stop:
  1123  0642                     l866:	
  1124                           ;incstack = 0
  1125                           ; Regs used in _I2C_Master_Stop: [wreg+status,2+status,0+pclath+cstack]
  1126                           
  1127                           
  1128                           ;I2C.c: 52:     I2C_Master_Wait();
  1129  0642  120A  118A  2655  120A  118A  	fcall	_I2C_Master_Wait
  1130  0647                     l868:
  1131                           
  1132                           ;I2C.c: 53:     SSPCON2bits.PEN = 1;
  1133  0647  1683               	bsf	3,5	;RP0=1, select bank1
  1134  0648  1303               	bcf	3,6	;RP1=0, select bank1
  1135  0649  1511               	bsf	17,2	;volatile
  1136  064A                     l44:
  1137  064A  0008               	return
  1138  064B                     __end_of_I2C_Master_Stop:
  1139                           
  1140                           	psect	text6
  1141  0639                     __ptext6:	
  1142 ;; *************** function _I2C_Master_Start *****************
  1143 ;; Defined at:
  1144 ;;		line 34 in file "I2C.c"
  1145 ;; Parameters:    Size  Location     Type
  1146 ;;		None
  1147 ;; Auto vars:     Size  Location     Type
  1148 ;;		None
  1149 ;; Return value:  Size  Location     Type
  1150 ;;                  1    wreg      void 
  1151 ;; Registers used:
  1152 ;;		wreg, status,2, status,0, pclath, cstack
  1153 ;; Tracked objects:
  1154 ;;		On entry : 0/0
  1155 ;;		On exit  : 0/0
  1156 ;;		Unchanged: 0/0
  1157 ;; Data sizes:     COMMON   BANK0   BANK1   BANK3   BANK2
  1158 ;;      Params:         0       0       0       0       0
  1159 ;;      Locals:         0       0       0       0       0
  1160 ;;      Temps:          0       0       0       0       0
  1161 ;;      Totals:         0       0       0       0       0
  1162 ;;Total ram usage:        0 bytes
  1163 ;; Hardware stack levels used:    1
  1164 ;; Hardware stack levels required when called:    1
  1165 ;; This function calls:
  1166 ;;		_I2C_Master_Wait
  1167 ;; This function is called by:
  1168 ;;		_main
  1169 ;; This function uses a non-reentrant model
  1170 ;;
  1171                           
  1172                           
  1173                           ;psect for function _I2C_Master_Start
  1174  0639                     _I2C_Master_Start:
  1175  0639                     l862:	
  1176                           ;incstack = 0
  1177                           ; Regs used in _I2C_Master_Start: [wreg+status,2+status,0+pclath+cstack]
  1178                           
  1179                           
  1180                           ;I2C.c: 36:     I2C_Master_Wait();
  1181  0639  120A  118A  2655  120A  118A  	fcall	_I2C_Master_Wait
  1182  063E                     l864:
  1183                           
  1184                           ;I2C.c: 37:     SSPCON2bits.SEN = 1;
  1185  063E  1683               	bsf	3,5	;RP0=1, select bank1
  1186  063F  1303               	bcf	3,6	;RP1=0, select bank1
  1187  0640  1411               	bsf	17,0	;volatile
  1188  0641                     l38:
  1189  0641  0008               	return
  1190  0642                     __end_of_I2C_Master_Start:
  1191                           
  1192                           	psect	text7
  1193  0686                     __ptext7:	
  1194 ;; *************** function _I2C_Master_Read *****************
  1195 ;; Defined at:
  1196 ;;		line 69 in file "I2C.c"
  1197 ;; Parameters:    Size  Location     Type
  1198 ;;  a               2    0[COMMON] unsigned short 
  1199 ;; Auto vars:     Size  Location     Type
  1200 ;;  temp            2    4[COMMON] unsigned short 
  1201 ;; Return value:  Size  Location     Type
  1202 ;;                  2    0[COMMON] unsigned short 
  1203 ;; Registers used:
  1204 ;;		wreg, status,2, status,0, pclath, cstack
  1205 ;; Tracked objects:
  1206 ;;		On entry : 0/0
  1207 ;;		On exit  : 0/0
  1208 ;;		Unchanged: 0/0
  1209 ;; Data sizes:     COMMON   BANK0   BANK1   BANK3   BANK2
  1210 ;;      Params:         2       0       0       0       0
  1211 ;;      Locals:         2       0       0       0       0
  1212 ;;      Temps:          2       0       0       0       0
  1213 ;;      Totals:         6       0       0       0       0
  1214 ;;Total ram usage:        6 bytes
  1215 ;; Hardware stack levels used:    1
  1216 ;; Hardware stack levels required when called:    1
  1217 ;; This function calls:
  1218 ;;		_I2C_Master_Wait
  1219 ;; This function is called by:
  1220 ;;		_main
  1221 ;; This function uses a non-reentrant model
  1222 ;;
  1223                           
  1224                           
  1225                           ;psect for function _I2C_Master_Read
  1226  0686                     _I2C_Master_Read:
  1227  0686                     l874:	
  1228                           ;incstack = 0
  1229                           ; Regs used in _I2C_Master_Read: [wreg+status,2+status,0+pclath+cstack]
  1230                           
  1231                           
  1232                           ;I2C.c: 69: unsigned short I2C_Master_Read(unsigned short a);I2C.c: 70: {;I2C.c: 71:    
      +                           unsigned short temp;;I2C.c: 72:     I2C_Master_Wait();
  1233  0686  120A  118A  2655  120A  118A  	fcall	_I2C_Master_Wait
  1234  068B                     l876:
  1235                           
  1236                           ;I2C.c: 73:     SSPCON2bits.RCEN = 1;
  1237  068B  1683               	bsf	3,5	;RP0=1, select bank1
  1238  068C  1303               	bcf	3,6	;RP1=0, select bank1
  1239  068D  1591               	bsf	17,3	;volatile
  1240                           
  1241                           ;I2C.c: 74:     I2C_Master_Wait();
  1242  068E  120A  118A  2655  120A  118A  	fcall	_I2C_Master_Wait
  1243  0693                     l878:
  1244                           
  1245                           ;I2C.c: 75:     temp = SSPBUF;
  1246  0693  1283               	bcf	3,5	;RP0=0, select bank0
  1247  0694  1303               	bcf	3,6	;RP1=0, select bank0
  1248  0695  0813               	movf	19,w	;volatile
  1249  0696  00F2               	movwf	??_I2C_Master_Read
  1250  0697  01F3               	clrf	??_I2C_Master_Read+1
  1251  0698  0872               	movf	??_I2C_Master_Read,w
  1252  0699  00F4               	movwf	I2C_Master_Read@temp
  1253  069A  0873               	movf	??_I2C_Master_Read+1,w
  1254  069B  00F5               	movwf	I2C_Master_Read@temp+1
  1255  069C                     l880:
  1256                           
  1257                           ;I2C.c: 76:     I2C_Master_Wait();
  1258  069C  120A  118A  2655  120A  118A  	fcall	_I2C_Master_Wait
  1259  06A1                     l882:
  1260                           
  1261                           ;I2C.c: 77:     if(a == 1){
  1262  06A1  0370               	decf	I2C_Master_Read@a,w
  1263  06A2  0471               	iorwf	I2C_Master_Read@a+1,w
  1264  06A3  1D03               	btfss	3,2
  1265  06A4  2EA6               	goto	u221
  1266  06A5  2EA7               	goto	u220
  1267  06A6                     u221:
  1268  06A6  2EAB               	goto	l50
  1269  06A7                     u220:
  1270  06A7                     l884:
  1271                           
  1272                           ;I2C.c: 78:         SSPCON2bits.ACKDT = 0;
  1273  06A7  1683               	bsf	3,5	;RP0=1, select bank1
  1274  06A8  1303               	bcf	3,6	;RP1=0, select bank1
  1275  06A9  1291               	bcf	17,5	;volatile
  1276                           
  1277                           ;I2C.c: 79:     }else{
  1278  06AA  2EAE               	goto	l51
  1279  06AB                     l50:
  1280                           
  1281                           ;I2C.c: 80:         SSPCON2bits.ACKDT = 1;
  1282  06AB  1683               	bsf	3,5	;RP0=1, select bank1
  1283  06AC  1303               	bcf	3,6	;RP1=0, select bank1
  1284  06AD  1691               	bsf	17,5	;volatile
  1285  06AE                     l51:	
  1286                           ;I2C.c: 81:     }
  1287                           
  1288                           
  1289                           ;I2C.c: 82:     SSPCON2bits.ACKEN = 1;
  1290  06AE  1611               	bsf	17,4	;volatile
  1291  06AF                     l886:
  1292                           
  1293                           ;I2C.c: 83:     return temp;
  1294  06AF  0875               	movf	I2C_Master_Read@temp+1,w
  1295  06B0  00F1               	movwf	?_I2C_Master_Read+1
  1296  06B1  0874               	movf	I2C_Master_Read@temp,w
  1297  06B2  00F0               	movwf	?_I2C_Master_Read
  1298  06B3                     l52:
  1299  06B3  0008               	return
  1300  06B4                     __end_of_I2C_Master_Read:
  1301                           
  1302                           	psect	text8
  1303  0655                     __ptext8:	
  1304 ;; *************** function _I2C_Master_Wait *****************
  1305 ;; Defined at:
  1306 ;;		line 27 in file "I2C.c"
  1307 ;; Parameters:    Size  Location     Type
  1308 ;;		None
  1309 ;; Auto vars:     Size  Location     Type
  1310 ;;		None
  1311 ;; Return value:  Size  Location     Type
  1312 ;;                  1    wreg      void 
  1313 ;; Registers used:
  1314 ;;		wreg, status,2
  1315 ;; Tracked objects:
  1316 ;;		On entry : 0/0
  1317 ;;		On exit  : 0/0
  1318 ;;		Unchanged: 0/0
  1319 ;; Data sizes:     COMMON   BANK0   BANK1   BANK3   BANK2
  1320 ;;      Params:         0       0       0       0       0
  1321 ;;      Locals:         0       0       0       0       0
  1322 ;;      Temps:          0       0       0       0       0
  1323 ;;      Totals:         0       0       0       0       0
  1324 ;;Total ram usage:        0 bytes
  1325 ;; Hardware stack levels used:    1
  1326 ;; This function calls:
  1327 ;;		Nothing
  1328 ;; This function is called by:
  1329 ;;		_I2C_Master_Start
  1330 ;;		_I2C_Master_Stop
  1331 ;;		_I2C_Master_Write
  1332 ;;		_I2C_Master_Read
  1333 ;;		_I2C_Master_RepeatedStart
  1334 ;; This function uses a non-reentrant model
  1335 ;;
  1336                           
  1337                           
  1338                           ;psect for function _I2C_Master_Wait
  1339  0655                     _I2C_Master_Wait:
  1340  0655                     l858:	
  1341                           ;incstack = 0
  1342                           ; Regs used in _I2C_Master_Wait: [wreg+status,2]
  1343                           
  1344  0655                     l32:	
  1345                           ;I2C.c: 29:     while ((SSPSTAT & 0x04) || (SSPCON2 & 0x1F));
  1346                           
  1347  0655  1683               	bsf	3,5	;RP0=1, select bank1
  1348  0656  1303               	bcf	3,6	;RP1=0, select bank1
  1349  0657  1914               	btfsc	20,2	;volatile
  1350  0658  2E5A               	goto	u201
  1351  0659  2E5B               	goto	u200
  1352  065A                     u201:
  1353  065A  2E55               	goto	l32
  1354  065B                     u200:
  1355  065B                     l860:
  1356  065B  0811               	movf	17,w	;volatile
  1357  065C  391F               	andlw	31
  1358  065D  1D03               	btfss	3,2
  1359  065E  2E60               	goto	u211
  1360  065F  2E61               	goto	u210
  1361  0660                     u211:
  1362  0660  2E55               	goto	l32
  1363  0661                     u210:
  1364  0661                     l35:
  1365  0661  0008               	return
  1366  0662                     __end_of_I2C_Master_Wait:
  1367  007E                     btemp	set	126	;btemp
  1368  007E                     wtemp0	set	126
  1369                           
  1370                           	psect	config
  1371                           
  1372                           ;Config register CONFIG1 @ 0x2007
  1373                           ;	Oscillator Selection bits
  1374                           ;	FOSC = INTRC_NOCLKOUT, INTOSCIO oscillator: I/O function on RA6/OSC2/CLKOUT pin, I/O f
      +                          unction on RA7/OSC1/CLKIN
  1375                           ;	Watchdog Timer Enable bit
  1376                           ;	WDTE = OFF, WDT disabled and can be enabled by SWDTEN bit of the WDTCON register
  1377                           ;	Power-up Timer Enable bit
  1378                           ;	PWRTE = OFF, PWRT disabled
  1379                           ;	RE3/MCLR pin function select bit
  1380                           ;	MCLRE = OFF, RE3/MCLR pin function is digital input, MCLR internally tied to VDD
  1381                           ;	Code Protection bit
  1382                           ;	CP = OFF, Program memory code protection is disabled
  1383                           ;	Data Code Protection bit
  1384                           ;	CPD = OFF, Data memory code protection is disabled
  1385                           ;	Brown Out Reset Selection bits
  1386                           ;	BOREN = OFF, BOR disabled
  1387                           ;	Internal External Switchover bit
  1388                           ;	IESO = OFF, Internal/External Switchover mode is disabled
  1389                           ;	Fail-Safe Clock Monitor Enabled bit
  1390                           ;	FCMEN = OFF, Fail-Safe Clock Monitor is disabled
  1391                           ;	Low Voltage Programming Enable bit
  1392                           ;	LVP = OFF, RB3 pin has digital I/O, HV on MCLR must be used for programming
  1393                           ;	In-Circuit Debugger Mode bit
  1394                           ;	DEBUG = 0x1, unprogrammed default
  1395  2007                     	org	8199
  1396  2007  20D4               	dw	8404
  1397                           
  1398                           ;Config register CONFIG2 @ 0x2008
  1399                           ;	Brown-out Reset Selection bit
  1400                           ;	BOR4V = BOR40V, Brown-out Reset set to 4.0V
  1401                           ;	Flash Program Memory Self Write Enable bits
  1402                           ;	WRT = OFF, Write protection off
  1403  2008                     	org	8200
  1404  2008  3FFF               	dw	16383

Data Sizes:
    Strings     0
    Constant    0
    Data        0
    BSS         7
    Persistent  0
    Stack       0

Auto Spaces:
    Space          Size  Autos    Used
    COMMON           14     14      14
    BANK0            80     11      18
    BANK1            80      0       0
    BANK3            96      0       0
    BANK2            96      0       0

Pointer List with Targets:

    None.

Critical Paths under _main in COMMON

    _I2C_Master_Init->___lldiv

Critical Paths under _main in BANK0

    _setup->_I2C_Master_Init

Critical Paths under _main in BANK1

    None.

Critical Paths under _main in BANK3

    None.

Critical Paths under _main in BANK2

    None.

Call Graph Tables:

 ---------------------------------------------------------------------------------
 (Depth) Function   	        Calls       Base Space   Used Autos Params    Refs
 ---------------------------------------------------------------------------------
 (0) _main                                                 3     3      0     935
                                              8 BANK0      3     3      0
                    _I2C_Master_Read
                   _I2C_Master_Start
                    _I2C_Master_Stop
                   _I2C_Master_Write
                              _setup
 ---------------------------------------------------------------------------------
 (1) _setup                                                0     0      0     412
                    _I2C_Master_Init
 ---------------------------------------------------------------------------------
 (2) _I2C_Master_Init                                      8     4      4     412
                                              0 BANK0      8     4      4
                            ___lldiv
 ---------------------------------------------------------------------------------
 (3) ___lldiv                                             14     6      8     314
                                              0 COMMON    14     6      8
 ---------------------------------------------------------------------------------
 (1) _I2C_Master_Write                                     2     0      2     250
                                              0 COMMON     2     0      2
                    _I2C_Master_Wait
 ---------------------------------------------------------------------------------
 (1) _I2C_Master_Stop                                      0     0      0       0
                    _I2C_Master_Wait
 ---------------------------------------------------------------------------------
 (1) _I2C_Master_Start                                     0     0      0       0
                    _I2C_Master_Wait
 ---------------------------------------------------------------------------------
 (1) _I2C_Master_Read                                      6     4      2     273
                                              0 COMMON     6     4      2
                    _I2C_Master_Wait
 ---------------------------------------------------------------------------------
 (2) _I2C_Master_Wait                                      0     0      0       0
 ---------------------------------------------------------------------------------
 Estimated maximum stack depth 3
 ---------------------------------------------------------------------------------

 Call Graph Graphs:

 _main (ROOT)
   _I2C_Master_Read
     _I2C_Master_Wait
   _I2C_Master_Start
     _I2C_Master_Wait
   _I2C_Master_Stop
     _I2C_Master_Wait
   _I2C_Master_Write
     _I2C_Master_Wait
   _setup
     _I2C_Master_Init
       ___lldiv

 Address spaces:
Name               Size   Autos  Total    Cost      Usage
BITCOMMON            E      0       0       0        0.0%
EEDATA             100      0       0       0        0.0%
NULL                 0      0       0       0        0.0%
CODE                 0      0       0       0        0.0%
COMMON               E      E       E       1      100.0%
BITSFR0              0      0       0       1        0.0%
SFR0                 0      0       0       1        0.0%
BITSFR1              0      0       0       2        0.0%
SFR1                 0      0       0       2        0.0%
STACK                0      0       0       2        0.0%
ABS                  0      0      20       3        0.0%
BITBANK0            50      0       0       4        0.0%
BITSFR3              0      0       0       4        0.0%
SFR3                 0      0       0       4        0.0%
BANK0               50      B      12       5       22.5%
BITSFR2              0      0       0       5        0.0%
SFR2                 0      0       0       5        0.0%
BITBANK1            50      0       0       6        0.0%
BANK1               50      0       0       7        0.0%
BITBANK3            60      0       0       8        0.0%
BANK3               60      0       0       9        0.0%
BITBANK2            60      0       0      10        0.0%
BANK2               60      0       0      11        0.0%
DATA                 0      0      20      12        0.0%


Microchip Technology PIC Macro Assembler V2.31 build 20201012212115 
Symbol Table                                                                                   Tue Aug 24 23:37:49 2021

                       l32 0655                         l50 06AB                         l35 0661  
                       l51 06AE                         l52 06B3                         l44 064A  
                       l29 06EB                         l38 0641                         l47 0654  
                      l110 0685                        l104 0757                        l232 0751  
                      l900 0676                        l830 0710                        l822 06EC  
                      l910 0787                        l840 0743                        l832 0719  
                      l824 06FC                        l920 07D8                        l912 078C  
                      l834 072B                        l826 06FF                        l842 0749  
                      l850 06BB                        l922 07E7                        l914 0795  
                      l906 0752                        l860 065B                        l836 0739  
                      l828 070C                        l852 06E8                        l924 07EB  
                      l916 07A3                        l908 0778                        l862 0639  
                      l870 064B                        l838 073A                        l854 06E9  
                      l846 06B4                        l926 07ED                        l918 07A8  
                      l880 069C                        l864 063E                        l872 0650  
                      l856 06EA                        l848 06B8                        l858 0655  
                      l882 06A1                        l874 0686                        l866 0642  
                      l890 0662                        l884 06A7                        l876 068B  
                      l868 0647                        l892 0670                        l886 06AF  
                      l878 0693                        l894 0673                        l896 0674  
                      l898 0675                        _GIE 005F                        u200 065B  
                      u120 06FC                        u201 065A                        u121 06FB  
                      u210 0661                        u211 0660                        u220 06A7  
                      u140 0710                        u221 06A6                        u141 070F  
                      u135 0701                        u160 072B                        u161 072A  
                      u155 0712                        u180 0749                        u181 0748  
                      u165 0727                        u237 0780                        u190 06CB  
                      u175 073B                        u247 07B0                        u257 07E0  
                      u195 06C6                        _POT 0030                       _CONT 0031  
                     _PEIE 005E                       _main 0752                       _temp 002B  
                     btemp 007E                       start 0000           ?_I2C_Master_Init 0020  
         ?_I2C_Master_Read 0070           ?_I2C_Master_Wait 0070           ?_I2C_Master_Stop 0070  
                    ?_main 0070                      _ANSEL 0188            __end_of___lldiv 0752  
                    _PORTA 0005                      _PORTB 0006                      _PORTD 0008  
                    _TRISA 0085                      _TRISB 0086                      _TRISD 0088  
                    _SSPIE 0463                      _SSPIF 0063                      _setup 0662  
                    status 0003                      wtemp0 007E            __initialization 07F3  
             __end_of_main 07F3                     ??_main 0028          ?_I2C_Master_Start 0070  
        ?_I2C_Master_Write 0070         ??_I2C_Master_Start 0070         ??_I2C_Master_Write 0072  
                   ?_setup 0070                     _ANSELH 0189                     _SSPADD 0093  
                   _TRISC3 043B                     _TRISC4 043C                     _SSPCON 0014  
                   _SSPBUF 0013                  ??___lldiv 0078    __end_of__initialization 07FC  
           __pcstackCOMMON 0070              __end_of_setup 0686                    ??_setup 007E  
               __pbssBANK0 002B                 __pmaintext 0752                    _SSPCON2 0091  
                  _SSPSTAT 0094                    ___lldiv 06EC                    _decenas 002E  
                  __ptext1 0662                    __ptext2 06B4                    __ptext3 06EC  
                  __ptext4 064B                    __ptext5 0642                    __ptext6 0639  
                  __ptext7 0686                    __ptext8 0655   __size_of_I2C_Master_Init 0038  
 __size_of_I2C_Master_Read 002E   __size_of_I2C_Master_Wait 000D   __size_of_I2C_Master_Stop 0009  
     end_of_initialization 07FC  __size_of_I2C_Master_Start 0009  __size_of_I2C_Master_Write 000A  
          ___lldiv@divisor 0070            ___lldiv@counter 007D           I2C_Master_Init@c 0020  
         I2C_Master_Read@a 0070                  _TRISCbits 0087        start_initialization 07F3  
        ??_I2C_Master_Init 0024          ??_I2C_Master_Read 0072          ??_I2C_Master_Wait 0070  
        ??_I2C_Master_Stop 0070                  ___latbits 0002              __pcstackBANK0 0020  
         _I2C_Master_Start 0639           _I2C_Master_Write 064B                   ?___lldiv 0070  
           __size_of_setup 0024        I2C_Master_Read@temp 0074           __size_of___lldiv 0066  
          _I2C_Master_Init 06B4            _I2C_Master_Read 0686            _I2C_Master_Wait 0655  
          _I2C_Master_Stop 0642                   _centenas 002D              __size_of_main 00A1  
                 _unidades 002F   __end_of_I2C_Master_Start 0642   __end_of_I2C_Master_Write 0655  
         ___lldiv@dividend 0074                 _OSCCONbits 008F    __end_of_I2C_Master_Init 06EC  
  __end_of_I2C_Master_Read 06B4    __end_of_I2C_Master_Wait 0662    __end_of_I2C_Master_Stop 064B  
         ___lldiv@quotient 0079          I2C_Master_Write@d 0070                _SSPCON2bits 0091  
